\BOOKMARK [0][-]{Doc-Start}{\376\377\000D\000\351\000d\000i\000c\000a\000c\000e\000s}{}% 1
\BOOKMARK [0][-]{Doc-Start}{\376\377\000R\000e\000m\000e\000r\000c\000i\000e\000m\000e\000n\000t\000s}{}% 2
\BOOKMARK [0][-]{Doc-Start}{\376\377\000L\000i\000s\000t\000e\000\040\000d\000e\000s\000\040\000a\000b\000r\000\351\000v\000i\000a\000t\000i\000o\000n\000s}{}% 3
\BOOKMARK [0][-]{table.caption.1}{\376\377\000I\000n\000t\000r\000o\000d\000u\000c\000t\000i\000o\000n\000\040\000G\000\351\000n\000\351\000r\000a\000l\000e}{}% 4
\BOOKMARK [0][-]{chapter.1}{\376\377\000P\000r\000\351\000s\000e\000n\000t\000a\000t\000i\000o\000n\000\040\000d\000u\000\040\000c\000a\000d\000r\000e\000\040\000d\000u\000\040\000p\000r\000o\000j\000e\000t}{}% 5
\BOOKMARK [1][-]{section.1.1}{\376\377\000I\000n\000t\000r\000o\000d\000u\000c\000t\000i\000o\000n}{chapter.1}% 6
\BOOKMARK [1][-]{section.1.2}{\376\377\000P\000r\000\351\000s\000e\000n\000t\000a\000t\000i\000o\000n\000\040\000d\000e\000\040\000l\000'\000o\000r\000g\000a\000n\000i\000s\000m\000e\000\040\000d\000'\000a\000c\000c\000u\000e\000i\000l}{chapter.1}% 7
\BOOKMARK [2][-]{subsection.1.2.1}{\376\377\000D\000o\000m\000a\000i\000n\000e\000s\000\040\000d\040\031\000a\000c\000t\000i\000v\000i\000t\000\351\000s}{section.1.2}% 8
\BOOKMARK [1][-]{section.1.3}{\376\377\000C\000o\000n\000t\000e\000x\000t\000e\000\040\000d\000u\000\040\000p\000r\000o\000j\000e\000t}{chapter.1}% 9
\BOOKMARK [2][-]{subsection.1.3.1}{\376\377\000E\000t\000u\000d\000e\000\040\000d\000e\000\040\000l\000'\000e\000x\000i\000s\000t\000a\000n\000t}{section.1.3}% 10
\BOOKMARK [2][-]{subsection.1.3.2}{\376\377\000S\000o\000l\000u\000t\000i\000o\000n\000\040\000p\000r\000o\000p\000o\000s\000\351\000e}{section.1.3}% 11
\BOOKMARK [1][-]{section.1.4}{\376\377\000M\000\351\000t\000h\000o\000d\000o\000l\000o\000g\000i\000e\000\040\000d\000e\000\040\000t\000r\000a\000v\000a\000i\000l}{chapter.1}% 12
\BOOKMARK [2][-]{subsection.1.4.1}{\376\377\000\311\000t\000u\000d\000e\000\040\000c\000o\000m\000p\000a\000r\000a\000t\000i\000v\000e}{section.1.4}% 13
\BOOKMARK [1][-]{section.1.5}{\376\377\000C\000o\000n\000c\000l\000u\000s\000i\000o\000n}{chapter.1}% 14
\BOOKMARK [0][-]{chapter.2}{\376\377\000A\000n\000a\000l\000y\000s\000e\000\040\000e\000t\000\040\000s\000p\000\351\000c\000i\000f\000i\000c\000a\000t\000i\000o\000n\000\040\000d\000e\000s\000\040\000b\000e\000s\000o\000i\000n\000s}{}% 15
\BOOKMARK [1][-]{section.2.1}{\376\377\000I\000n\000t\000r\000o\000d\000u\000c\000t\000i\000o\000n}{chapter.2}% 16
\BOOKMARK [1][-]{section.2.2}{\376\377\000A\000n\000a\000l\000y\000s\000e\000\040\000d\000e\000s\000\040\000b\000e\000s\000o\000i\000n\000s}{chapter.2}% 17
\BOOKMARK [2][-]{subsection.2.2.1}{\376\377\000B\000e\000s\000o\000i\000n\000s\000\040\000f\000o\000n\000c\000t\000i\000o\000n\000n\000e\000l\000s}{section.2.2}% 18
\BOOKMARK [2][-]{subsection.2.2.2}{\376\377\000B\000e\000s\000o\000i\000n\000s\000\040\000n\000o\000n\000\040\000f\000o\000n\000c\000t\000i\000o\000n\000n\000e\000l\000s}{section.2.2}% 19
\BOOKMARK [1][-]{section.2.3}{\376\377\000P\000i\000l\000o\000t\000a\000g\000e\000\040\000d\000e\000\040\000p\000r\000o\000j\000e\000t\000\040\000a\000v\000e\000c\000\040\000S\000c\000r\000u\000m}{chapter.2}% 20
\BOOKMARK [2][-]{subsection.2.3.1}{\376\377\000A\000f\000f\000e\000c\000t\000a\000t\000i\000o\000n\000\040\000d\000e\000s\000\040\000r\000\364\000l\000e\000s\000\040\000S\000c\000r\000u\000m}{section.2.3}% 21
\BOOKMARK [2][-]{subsection.2.3.2}{\376\377\000L\000e\000\040\000B\000a\000c\000k\000l\000o\000g\000\040\000d\000e\000\040\000p\000r\000o\000d\000u\000i\000t}{section.2.3}% 22
\BOOKMARK [2][-]{subsection.2.3.3}{\376\377\000P\000l\000a\000n\000i\000f\000i\000c\000a\000t\000i\000o\000n\000\040\000d\000e\000\040\000r\000e\000l\000e\000a\000s\000e\000s}{section.2.3}% 23
\BOOKMARK [2][-]{subsection.2.3.4}{\376\377\000D\000i\000a\000g\000r\000a\000m\000m\000e\000\040\000d\000e\000\040\000G\000a\000n\000t\000t}{section.2.3}% 24
\BOOKMARK [1][-]{section.2.4}{\376\377\000\311\000t\000u\000d\000e\000\040\000t\000e\000c\000h\000n\000i\000q\000u\000e}{chapter.2}% 25
\BOOKMARK [2][-]{subsection.2.4.1}{\376\377\000E\000n\000v\000i\000r\000o\000n\000n\000e\000m\000e\000n\000t\000\040\000m\000a\000t\000\351\000r\000i\000e\000l}{section.2.4}% 26
\BOOKMARK [2][-]{subsection.2.4.2}{\376\377\000E\000n\000v\000i\000r\000o\000n\000n\000e\000m\000e\000n\000t\000\040\000l\000o\000g\000i\000c\000i\000e\000l}{section.2.4}% 27
\BOOKMARK [1][-]{section.2.5}{\376\377\000A\000r\000c\000h\000i\000t\000e\000c\000t\000u\000r\000e\000\040\000d\000e\000\040\000l\000a\000\040\000s\000o\000l\000u\000t\000i\000o\000n}{chapter.2}% 28
\BOOKMARK [2][-]{subsection.2.5.1}{\376\377\000A\000r\000c\000h\000i\000t\000e\000c\000t\000u\000r\000e\000\040\000l\000o\000g\000i\000q\000u\000e}{section.2.5}% 29
\BOOKMARK [2][-]{subsection.2.5.2}{\376\377\000A\000r\000c\000h\000i\000t\000e\000c\000t\000u\000r\000e\000\040\000l\000o\000g\000i\000c\000i\000e\000l\000l\000e}{section.2.5}% 30
\BOOKMARK [1][-]{section.2.6}{\376\377\000C\000o\000n\000c\000l\000u\000s\000i\000o\000n}{chapter.2}% 31
\BOOKMARK [0][-]{chapter.3}{\376\377\000R\000e\000l\000e\000a\000s\000e\000\040\0001}{}% 32
\BOOKMARK [1][-]{section.3.1}{\376\377\000I\000n\000t\000r\000o\000d\000u\000c\000t\000i\000o\000n}{chapter.3}% 33
\BOOKMARK [1][-]{section.3.2}{\376\377\000S\000p\000r\000i\000n\000t\000\040\0001\000\040\000:\000\040\000G\000e\000s\000t\000i\000o\000n\000\040\000d\000e\000s\000\040\000A\000c\000c\000\350\000s\000\040\000e\000t\000\040\000A\000d\000m\000i\000n\000i\000s\000t\000r\000a\000t\000i\000o\000n\000\040\000d\000e\000s\000\040\000C\000o\000m\000p\000t\000e\000s}{chapter.3}% 34
\BOOKMARK [2][-]{subsection.3.2.1}{\376\377\000B\000a\000c\000k\000l\000o\000g\000\040\000d\000u\000\040\000s\000p\000r\000i\000n\000t\000\040\0001}{section.3.2}% 35
\BOOKMARK [2][-]{subsection.3.2.2}{\376\377\000S\000p\000\351\000c\000i\000f\000i\000c\000a\000t\000i\000o\000n\000\040\000f\000o\000n\000c\000t\000i\000o\000n\000n\000e\000l\000l\000e\000\040\000d\000\351\000t\000a\000i\000l\000l\000\351\000e}{section.3.2}% 36
\BOOKMARK [2][-]{subsection.3.2.3}{\376\377\000C\000o\000n\000c\000e\000p\000t\000i\000o\000n}{section.3.2}% 37
\BOOKMARK [2][-]{subsection.3.2.4}{\376\377\000I\000n\000t\000e\000r\000f\000a\000c\000e\000s\000\040\000r\000\351\000a\000l\000i\000s\000\351\000e\000s\000\040\000p\000o\000u\000r\000\040\000l\000e\000\040\000s\000p\000r\000i\000n\000t\000\040\0001}{section.3.2}% 38
\BOOKMARK [1][-]{section.3.3}{\376\377\000S\000p\000r\000i\000n\000t\000\040\0002\000\040\000:\000\040\000P\000o\000i\000n\000t\000a\000g\000e\000\040\000I\000n\000t\000e\000l\000l\000i\000g\000e\000n\000t\000\040\000e\000t\000\040\000S\000u\000i\000v\000i\000\040\000d\000e\000\040\000P\000r\000\351\000s\000e\000n\000c\000e}{chapter.3}% 39
\BOOKMARK [2][-]{subsection.3.3.1}{\376\377\000B\000a\000c\000k\000l\000o\000g\000\040\000d\000u\000\040\000s\000p\000r\000i\000n\000t\000\040\0002}{section.3.3}% 40
\BOOKMARK [2][-]{subsection.3.3.2}{\376\377\000S\000p\000\351\000c\000i\000f\000i\000c\000a\000t\000i\000o\000n\000\040\000f\000o\000n\000c\000t\000i\000o\000n\000n\000e\000l\000l\000e\000\040\000d\000\351\000t\000a\000i\000l\000l\000\351\000e}{section.3.3}% 41
\BOOKMARK [2][-]{subsection.3.3.3}{\376\377\000C\000o\000n\000c\000e\000p\000t\000i\000o\000n}{section.3.3}% 42
\BOOKMARK [2][-]{subsection.3.3.4}{\376\377\000I\000n\000t\000e\000r\000f\000a\000c\000e\000s\000\040\000r\000\351\000a\000l\000i\000s\000\351\000e\000s\000\040\000p\000o\000u\000r\000\040\000l\000e\000\040\000s\000p\000r\000i\000n\000t\000\040\0002}{section.3.3}% 43
\BOOKMARK [1][-]{section.3.4}{\376\377\000C\000o\000n\000c\000l\000u\000s\000i\000o\000n}{chapter.3}% 44
\BOOKMARK [0][-]{chapter.4}{\376\377\000R\000e\000l\000e\000a\000s\000e\000\040\0002}{}% 45
\BOOKMARK [1][-]{section.4.1}{\376\377\000I\000n\000t\000r\000o\000d\000u\000c\000t\000i\000o\000n}{chapter.4}% 46
\BOOKMARK [1][-]{section.4.2}{\376\377\000S\000p\000r\000i\000n\000t\000\040\0003\000:\000\040\000G\000e\000s\000t\000i\000o\000n\000\040\000d\000e\000s\000\040\000C\000o\000n\000g\000\351\000s\000\040\000e\000t\000\040\000d\000e\000s\000\040\000D\000o\000c\000u\000m\000e\000n\000t\000s\000\040\000A\000d\000m\000i\000n\000i\000s\000t\000r\000a\000t\000i\000f\000s}{chapter.4}% 47
\BOOKMARK [2][-]{subsection.4.2.1}{\376\377\000B\000a\000c\000k\000l\000o\000g\000\040\000d\000e\000\040\000s\000p\000r\000i\000n\000t\000\040\0003}{section.4.2}% 48
\BOOKMARK [2][-]{subsection.4.2.2}{\376\377\000S\000p\000\351\000c\000i\000f\000i\000c\000a\000t\000i\000o\000n\000\040\000f\000o\000n\000c\000t\000i\000o\000n\000n\000e\000l\000l\000e\000\040\000d\000\351\000t\000a\000i\000l\000l\000\351\000e}{section.4.2}% 49
\BOOKMARK [2][-]{subsection.4.2.3}{\376\377\000C\000o\000n\000c\000e\000p\000t\000i\000o\000n}{section.4.2}% 50
\BOOKMARK [2][-]{subsection.4.2.4}{\376\377\000I\000n\000t\000e\000r\000f\000a\000c\000e\000s\000\040\000r\000\351\000a\000l\000i\000s\000\351\000e\000s\000\040\000p\000o\000u\000r\000\040\000l\000e\000\040\000s\000p\000r\000i\000n\000t\000\040\0003}{section.4.2}% 51
\BOOKMARK [1][-]{section.4.3}{\376\377\000S\000p\000r\000i\000n\000t\000\040\0004\000:\000\040\000P\000i\000l\000o\000t\000a\000g\000e\000\040\000R\000H\000,\000\040\000R\000e\000p\000o\000r\000t\000i\000n\000g\000,\000\040\000P\000a\000i\000e\000m\000e\000n\000t\000\040\000e\000t\000\040\000T\000r\000a\000\347\000a\000b\000i\000l\000i\000t\000\351}{chapter.4}% 52
\BOOKMARK [2][-]{subsection.4.3.1}{\376\377\000B\000a\000c\000k\000l\000o\000g\000\040\000d\000e\000\040\000s\000p\000r\000i\000n\000t\000\040\0004}{section.4.3}% 53
\BOOKMARK [2][-]{subsection.4.3.2}{\376\377\000S\000p\000\351\000c\000i\000f\000i\000c\000a\000t\000i\000o\000n\000\040\000f\000o\000n\000c\000t\000i\000o\000n\000n\000e\000l\000l\000e\000\040\000d\000\351\000t\000a\000i\000l\000l\000\351\000e}{section.4.3}% 54
\BOOKMARK [2][-]{subsection.4.3.3}{\376\377\000C\000o\000n\000c\000e\000p\000t\000i\000o\000n}{section.4.3}% 55
\BOOKMARK [2][-]{subsection.4.3.4}{\376\377\000I\000n\000t\000e\000r\000f\000a\000c\000e\000s\000\040\000r\000\351\000a\000l\000i\000s\000\351\000e\000s\000\040\000p\000o\000u\000r\000\040\000l\000e\000\040\000s\000p\000r\000i\000n\000t\000\040\0004}{section.4.3}% 56
\BOOKMARK [1][-]{section.4.4}{\376\377\000C\000o\000n\000c\000l\000u\000s\000i\000o\000n}{chapter.4}% 57
\BOOKMARK [0][-]{section.4.4}{\376\377\000C\000o\000n\000c\000l\000u\000s\000i\000o\000n\000\040\000g\000\351\000n\000\351\000r\000a\000l\000e\000\040\000e\000t\000\040\000P\000e\000r\000s\000p\000e\000c\000t\000i\000v\000e\000s}{}% 58
\BOOKMARK [0][-]{section.4.4}{\376\377\000R\000\351\000s\000u\000m\000\351}{}% 59
\BOOKMARK [0][-]{section.4.4}{\376\377\000A\000b\000s\000t\000r\000a\000c\000t}{}% 60
