This is pdfTeX, Version 3.141592653-2.6-1.40.28 (MiKTeX 25.12) (preloaded format=pdflatex 2026.5.29)  6 JUN 2026 13:54
entering extended mode
 restricted \write18 enabled.
 %&-line parsing enabled.
**./main.tex
(main.tex
LaTeX2e <2025-11-01>
L3 programming layer <2025-12-24>
(C:\Users\louay\AppData\Local\Programs\MiKTeX\tex/latex/base\report.cls
Document Class: report 2025/01/22 v1.4n Standard LaTeX document class
(C:\Users\louay\AppData\Local\Programs\MiKTeX\tex/latex/base\size12.clo
File: size12.clo 2025/01/22 v1.4n Standard LaTeX file (size option)
)
\c@part=\count275
\c@chapter=\count276
\c@section=\count277
\c@subsection=\count278
\c@subsubsection=\count279
\c@paragraph=\count280
\c@subparagraph=\count281
\c@figure=\count282
\c@table=\count283
\abovecaptionskip=\skip49
\belowcaptionskip=\skip50
\bibindent=\dimen148
)
(C:\Users\louay\AppData\Local\Programs\MiKTeX\tex/latex/base\fontenc.sty
Package: fontenc 2025/07/18 v2.1d Standard LaTeX package
)
(C:\Users\louay\AppData\Local\Programs\MiKTeX\tex/latex/base\inputenc.sty
Package: inputenc 2024/02/08 v1.3d Input encoding file
\inpenc@prehook=\toks17
\inpenc@posthook=\toks18
)
(C:\Users\louay\AppData\Local\Programs\MiKTeX\tex/generic/babel\babel.sty
Package: babel 2025/12/11 v25.17 The multilingual framework for LuaLaTeX, pdfLa
TeX and XeLaTeX
\babel@savecnt=\count284
LaTeX Encoding Info:    Redeclaring text command \ij (encoding OT1) on input li
ne 2068.
LaTeX Encoding Info:    Redeclaring text command \IJ (encoding OT1) on input li
ne 2070.
LaTeX Encoding Info:    Redeclaring text command \ij (encoding T1) on input lin
e 2072.
LaTeX Encoding Info:    Redeclaring text command \IJ (encoding T1) on input lin
e 2073.
LaTeX Encoding Info:    Ignoring declaration for text command \ij (encoding ?) 
on input line 2074.
LaTeX Encoding Info:    Ignoring declaration for text command \IJ (encoding ?) 
on input line 2076.
LaTeX Encoding Info:    Ignoring declaration for text command \SS (encoding ?) 
on input line 2101.
\U@D=\dimen149
\l@unhyphenated=\language79

(C:\Users\louay\AppData\Local\Programs\MiKTeX\tex/generic/babel\txtbabel.def)
\bbl@readstream=\read2
\bbl@dirlevel=\count285
Package babel Info: Configuration files are deprecated, as
(babel)             they can break document portability.
(babel)             Reported on input line 4196.

*************************************
* Local config file bblopts.cfg used
*
(C:\Users\louay\AppData\Local\Programs\MiKTeX\tex/latex/arabi\bblopts.cfg
File: bblopts.cfg 2005/09/08 v0.1 add Arabic and Farsi to "declared" options of
 babel
)
(C:\Users\louay\AppData\Local\Programs\MiKTeX\tex/generic/babel/locale/fr\babel
-french.tex)
Package babel Info: Importing font and identification data for french
(babel)             from babel-fr.ini. Reported on input line 4320.

(C:\Users\louay\AppData\Local\Programs\MiKTeX\tex/generic/babel-french\french.l
df
Language: french 2025-08-15 v4.0e French support from the babel system

(C:\Users\louay\AppData\Local\Programs\MiKTeX\tex/generic/babel-french\french3.
ldf
Language: french 2025-08-15 v3.7e French support from the babel system
\FB@stdchar=\count286
Package babel Info: Making : an active character on input line 273.
Package babel Info: Making ; an active character on input line 274.
Package babel Info: Making ! an active character on input line 275.
Package babel Info: Making ? an active character on input line 276.
\FBguill@level=\count287
\FBold@everypar=\toks19
\FB@Mht=\dimen150
\mc@charclass=\count288
\mc@charfam=\count289
\mc@charslot=\count290
\std@mcc=\count291
\dec@mcc=\count292
\FB@pardim=\dimen151
\listindentFB=\dimen152
\descindentFB=\dimen153
\labelindentFB=\dimen154
\labelwidthFB=\dimen155
\leftmarginFB=\dimen156
\parindentFFN=\dimen157
\FBfnindent=\dimen158
)))
(C:\Users\louay\AppData\Local\Programs\MiKTeX\tex/latex/carlisle\scalefnt.sty)
(C:\Users\louay\AppData\Local\Programs\MiKTeX\tex/latex/geometry\geometry.sty
Package: geometry 2026/03/07 v6.0 Page Geometry

(C:\Users\louay\AppData\Local\Programs\MiKTeX\tex/latex/graphics\keyval.sty
Package: keyval 2022/05/29 v1.15 key=value parser (DPC)
\KV@toks@=\toks20
)
(C:\Users\louay\AppData\Local\Programs\MiKTeX\tex/generic/iftex\ifvtex.sty
Package: ifvtex 2019/10/25 v1.7 ifvtex legacy package. Use iftex instead.

(C:\Users\louay\AppData\Local\Programs\MiKTeX\tex/generic/iftex\iftex.sty
Package: iftex 2024/12/12 v1.0g TeX engine tests
))
\Gm@cnth=\count293
\Gm@cntv=\count294
\c@Gm@tempcnt=\count295
\Gm@bindingoffset=\dimen159
\Gm@wd@mp=\dimen160
\Gm@odd@mp=\dimen161
\Gm@even@mp=\dimen162
\Gm@layoutwidth=\dimen163
\Gm@layoutheight=\dimen164
\Gm@layouthoffset=\dimen165
\Gm@layoutvoffset=\dimen166
\Gm@dimlist=\toks21

(C:\Users\louay\AppData\Local\Programs\MiKTeX\tex/latex/geometry\geometry.cfg))
(C:\Users\louay\AppData\Local\Programs\MiKTeX\tex/latex/graphics\graphicx.sty
Package: graphicx 2024/12/31 v1.2e Enhanced LaTeX Graphics (DPC,SPQR)

(C:\Users\louay\AppData\Local\Programs\MiKTeX\tex/latex/graphics\graphics.sty
Package: graphics 2024/08/06 v1.4g Standard LaTeX Graphics (DPC,SPQR)

(C:\Users\louay\AppData\Local\Programs\MiKTeX\tex/latex/graphics\trig.sty
Package: trig 2023/12/02 v1.11 sin cos tan (DPC)
)
(C:\Users\louay\AppData\Local\Programs\MiKTeX\tex/latex/graphics-cfg\graphics.c
fg
File: graphics.cfg 2016/06/04 v1.11 sample graphics configuration
)
Package graphics Info: Driver file: pdftex.def on input line 106.

(C:\Users\louay\AppData\Local\Programs\MiKTeX\tex/latex/graphics-def\pdftex.def
File: pdftex.def 2025/09/29 v1.2d Graphics/color driver for pdftex
))
\Gin@req@height=\dimen167
\Gin@req@width=\dimen168
)
(C:\Users\louay\AppData\Local\Programs\MiKTeX\tex/latex/adjustbox\adjustbox.sty
Package: adjustbox 2025/02/26 v1.3c Adjusting TeX boxes (trim, clip, ...)
(C:\Users\louay\AppData\Local\Programs\MiKTeX\tex/latex/xkeyval\xkeyval.sty
Package: xkeyval 2022/06/16 v2.9 package option processing (HA)

(C:\Users\louay\AppData\Local\Programs\MiKTeX\tex/generic/xkeyval\xkeyval.tex
(C:\Users\louay\AppData\Local\Programs\MiKTeX\tex/generic/xkeyval\xkvutils.tex
\XKV@toks=\toks22
\XKV@tempa@toks=\toks23
)
\XKV@depth=\count296
File: xkeyval.tex 2014/12/03 v2.7a key=value parser (HA)
))
(C:\Users\louay\AppData\Local\Programs\MiKTeX\tex/latex/adjustbox\adjcalc.sty
Package: adjcalc 2012/05/16 v1.1 Provides advanced setlength with multiple back
-ends (calc, etex, pgfmath)
)
(C:\Users\louay\AppData\Local\Programs\MiKTeX\tex/latex/adjustbox\trimclip.sty
Package: trimclip 2025/02/21 v1.2a Trim and clip general TeX material

(C:\Users\louay\AppData\Local\Programs\MiKTeX\tex/latex/collectbox\collectbox.s
ty
Package: collectbox 2022/10/17 v0.4c Collect macro arguments as boxes
\collectedbox=\box53
)
\tc@llx=\dimen169
\tc@lly=\dimen170
\tc@urx=\dimen171
\tc@ury=\dimen172
Package trimclip Info: Using driver 'tc-pdftex.def'.

(C:\Users\louay\AppData\Local\Programs\MiKTeX\tex/latex/adjustbox\tc-pdftex.def
File: tc-pdftex.def 2025/02/26 v2.3 Clipping driver for pdftex
))
\adjbox@Width=\dimen173
\adjbox@Height=\dimen174
\adjbox@Depth=\dimen175
\adjbox@Totalheight=\dimen176
\adjbox@pwidth=\dimen177
\adjbox@pheight=\dimen178
\adjbox@pdepth=\dimen179
\adjbox@ptotalheight=\dimen180

(C:\Users\louay\AppData\Local\Programs\MiKTeX\tex/latex/ifoddpage\ifoddpage.sty
Package: ifoddpage 2022/10/18 v1.2 Conditionals for odd/even page detection
\c@checkoddpage=\count297
) (C:\Users\louay\AppData\Local\Programs\MiKTeX\tex/latex/varwidth\varwidth.sty
Package: varwidth 2009/03/30 ver 0.92;  Variable-width minipages
\@vwid@box=\box54
\sift@deathcycles=\count298
\@vwid@loff=\dimen181
\@vwid@roff=\dimen182
)
==> First Aid for varwidth.sty applied!
) (C:\Users\louay\AppData\Local\Programs\MiKTeX\tex/latex/hyperref\hyperref.sty
Package: hyperref 2025-07-12 v7.01o Hypertext links for LaTeX

(C:\Users\louay\AppData\Local\Programs\MiKTeX\tex/latex/kvsetkeys\kvsetkeys.sty
Package: kvsetkeys 2022-10-05 v1.19 Key value parser (HO)
)
(C:\Users\louay\AppData\Local\Programs\MiKTeX\tex/generic/kvdefinekeys\kvdefine
keys.sty
Package: kvdefinekeys 2019-12-19 v1.6 Define keys (HO)
)
(C:\Users\louay\AppData\Local\Programs\MiKTeX\tex/generic/pdfescape\pdfescape.s
ty
Package: pdfescape 2019/12/09 v1.15 Implements pdfTeX's escape features (HO)

(C:\Users\louay\AppData\Local\Programs\MiKTeX\tex/generic/ltxcmds\ltxcmds.sty
Package: ltxcmds 2023-12-04 v1.26 LaTeX kernel commands for general use (HO)
)
(C:\Users\louay\AppData\Local\Programs\MiKTeX\tex/generic/pdftexcmds\pdftexcmds
.sty
Package: pdftexcmds 2020-06-27 v0.33 Utility functions of pdfTeX for LuaTeX (HO
)

(C:\Users\louay\AppData\Local\Programs\MiKTeX\tex/generic/infwarerr\infwarerr.s
ty
Package: infwarerr 2019/12/03 v1.5 Providing info/warning/error messages (HO)
)
Package pdftexcmds Info: \pdf@primitive is available.
Package pdftexcmds Info: \pdf@ifprimitive is available.
Package pdftexcmds Info: \pdfdraftmode found.
))
(C:\Users\louay\AppData\Local\Programs\MiKTeX\tex/latex/hycolor\hycolor.sty
Package: hycolor 2020-01-27 v1.10 Color options for hyperref/bookmark (HO)
)
(C:\Users\louay\AppData\Local\Programs\MiKTeX\tex/latex/hyperref\nameref.sty
Package: nameref 2025-06-21 v2.57 Cross-referencing by name of section

(C:\Users\louay\AppData\Local\Programs\MiKTeX\tex/latex/refcount\refcount.sty
Package: refcount 2019/12/15 v3.6 Data extraction from label references (HO)
)
(C:\Users\louay\AppData\Local\Programs\MiKTeX\tex/generic/gettitlestring\gettit
lestring.sty
Package: gettitlestring 2019/12/15 v1.6 Cleanup title references (HO)

(C:\Users\louay\AppData\Local\Programs\MiKTeX\tex/latex/kvoptions\kvoptions.sty
Package: kvoptions 2022-06-15 v3.15 Key value format for package options (HO)
))
\c@section@level=\count299
)
(C:\Users\louay\AppData\Local\Programs\MiKTeX\tex/latex/etoolbox\etoolbox.sty
Package: etoolbox 2025/10/02 v2.5m e-TeX tools for LaTeX (JAW)
\etb@tempcnta=\count300
)
(C:\Users\louay\AppData\Local\Programs\MiKTeX\tex/generic/stringenc\stringenc.s
ty
Package: stringenc 2019/11/29 v1.12 Convert strings between diff. encodings (HO
)
)
\@linkdim=\dimen183
\Hy@linkcounter=\count301
\Hy@pagecounter=\count302
 (C:\Users\louay\AppData\Local\Programs\MiKTeX\tex/latex/hyperref\pd1enc.def
File: pd1enc.def 2025-07-12 v7.01o Hyperref: PDFDocEncoding definition (HO)
Now handling font encoding PD1 ...
... no UTF-8 mapping file for font encoding PD1
) (C:\Users\louay\AppData\Local\Programs\MiKTeX\tex/generic/intcalc\intcalc.sty
Package: intcalc 2019/12/15 v1.3 Expandable calculations with integers (HO)
)
\Hy@SavedSpaceFactor=\count303
 (C:\Users\louay\AppData\Local\Programs\MiKTeX\tex/latex/hyperref\puenc.def
File: puenc.def 2025-07-12 v7.01o Hyperref: PDF Unicode definition (HO)
Now handling font encoding PU ...
... no UTF-8 mapping file for font encoding PU
)
Package hyperref Info: Hyper figures OFF on input line 4195.
Package hyperref Info: Link nesting OFF on input line 4200.
Package hyperref Info: Hyper index ON on input line 4203.
Package hyperref Info: Plain pages OFF on input line 4210.
Package hyperref Info: Backreferencing OFF on input line 4215.
Package hyperref Info: Implicit mode ON; LaTeX internals redefined.
Package hyperref Info: Bookmarks ON on input line 4462.
\c@Hy@tempcnt=\count304

(C:\Users\louay\AppData\Local\Programs\MiKTeX\tex/latex/url\url.sty
\Urlmuskip=\muskip17
Package: url 2013/09/16  ver 3.4  Verb mode for urls, etc.
)
LaTeX Info: Redefining \url on input line 4801.
\XeTeXLinkMargin=\dimen184

(C:\Users\louay\AppData\Local\Programs\MiKTeX\tex/generic/bitset\bitset.sty
Package: bitset 2019/12/09 v1.3 Handle bit-vector datatype (HO)

(C:\Users\louay\AppData\Local\Programs\MiKTeX\tex/generic/bigintcalc\bigintcalc
.sty
Package: bigintcalc 2019/12/15 v1.5 Expandable calculations on big integers (HO
)
))
\Fld@menulength=\count305
\Field@Width=\dimen185
\Fld@charsize=\dimen186
Package hyperref Info: Hyper figures OFF on input line 6078.
Package hyperref Info: Link nesting OFF on input line 6083.
Package hyperref Info: Hyper index ON on input line 6086.
Package hyperref Info: backreferencing OFF on input line 6093.
Package hyperref Info: Link coloring OFF on input line 6098.
Package hyperref Info: Link coloring with OCG OFF on input line 6103.
Package hyperref Info: PDF/A mode OFF on input line 6108.
\Hy@abspage=\count306
\c@Item=\count307
\c@Hfootnote=\count308
)
Package hyperref Info: Driver (autodetected): hpdftex.

(C:\Users\louay\AppData\Local\Programs\MiKTeX\tex/latex/hyperref\hpdftex.def
File: hpdftex.def 2025-07-12 v7.01o Hyperref driver for pdfTeX
\Fld@listcount=\count309
\c@bookmark@seq@number=\count310

(C:\Users\louay\AppData\Local\Programs\MiKTeX\tex/latex/rerunfilecheck\rerunfil
echeck.sty
Package: rerunfilecheck 2025-06-21 v1.11 Rerun checks for auxiliary files (HO)

(C:\Users\louay\AppData\Local\Programs\MiKTeX\tex/generic/uniquecounter\uniquec
ounter.sty
Package: uniquecounter 2019/12/15 v1.4 Provide unlimited unique counter (HO)
)
Package uniquecounter Info: New unique counter `rerunfilecheck' on input line 2
84.
)
\Hy@SectionHShift=\skip51
)
(C:\Users\louay\AppData\Local\Programs\MiKTeX\tex/latex/pdfpages\pdfpages.sty
Package: pdfpages 2026/03/30 v0.6h Insert pages of external PDF documents (AM)

(C:\Users\louay\AppData\Local\Programs\MiKTeX\tex/latex/base\ifthen.sty
Package: ifthen 2024/03/16 v1.1e Standard LaTeX ifthen package (DPC)
)
(C:\Users\louay\AppData\Local\Programs\MiKTeX\tex/latex/tools\calc.sty
Package: calc 2025/03/01 v4.3b Infix arithmetic (KKT,FJ)
\calc@Acount=\count311
\calc@Bcount=\count312
\calc@Adimen=\dimen187
\calc@Bdimen=\dimen188
\calc@Askip=\skip52
\calc@Bskip=\skip53
LaTeX Info: Redefining \setlength on input line 86.
LaTeX Info: Redefining \addtolength on input line 87.
\calc@Ccount=\count313
\calc@Cskip=\skip54
)
(C:\Users\louay\AppData\Local\Programs\MiKTeX\tex/latex/eso-pic\eso-pic.sty
Package: eso-pic 2025/12/10 v3.0d eso-pic (RN)
\ESO@tempdima=\dimen189
\ESO@tempdimb=\dimen190

(C:\Users\louay\AppData\Local\Programs\MiKTeX\tex/latex/xcolor\xcolor.sty
Package: xcolor 2024/09/29 v3.02 LaTeX color extensions (UK)

(C:\Users\louay\AppData\Local\Programs\MiKTeX\tex/latex/graphics-cfg\color.cfg
File: color.cfg 2016/01/02 v1.6 sample color configuration
)
Package xcolor Info: Driver file: pdftex.def on input line 274.
(C:\Users\louay\AppData\Local\Programs\MiKTeX\tex/latex/graphics\mathcolor.ltx)
Package xcolor Info: Model `cmy' substituted by `cmy0' on input line 1349.
Package xcolor Info: Model `hsb' substituted by `rgb' on input line 1353.
Package xcolor Info: Model `RGB' extended on input line 1365.
Package xcolor Info: Model `HTML' substituted by `rgb' on input line 1367.
Package xcolor Info: Model `Hsb' substituted by `hsb' on input line 1368.
Package xcolor Info: Model `tHsb' substituted by `hsb' on input line 1369.
Package xcolor Info: Model `HSB' substituted by `hsb' on input line 1370.
Package xcolor Info: Model `Gray' substituted by `gray' on input line 1371.
Package xcolor Info: Model `wave' substituted by `hsb' on input line 1372.
))
\AM@pagewidth=\dimen191
\AM@pageheight=\dimen192
\AM@fboxrule=\dimen193

(C:\Users\louay\AppData\Local\Programs\MiKTeX\tex/latex/pdfpages\pppdftex.def
File: pppdftex.def 2026/03/30 v0.6h Pdfpages driver for pdfTeX (AM)
)
\pdfpages@includegraphics@status=\count314
\AM@pagebox=\box55
\AM@global@opts=\toks24
\AM@pagecnt=\count315
\AM@toc@title=\toks25
\AM@lof@heading=\toks26
\c@AM@survey=\count316
\AM@templatesizebox=\box56
) (C:\Users\louay\AppData\Local\Programs\MiKTeX\tex/latex/float\float.sty
Package: float 2001/11/08 v1.3d Float enhancements (AL)
\c@float@type=\count317
\float@exts=\toks27
\float@box=\box57
\@float@everytoks=\toks28
\@floatcapt=\box58
)
(C:\Users\louay\AppData\Local\Programs\MiKTeX\tex/latex/pslatex\pslatex.sty
Package: pslatex 2021/01/13 v1.3 pslatex emulation (DPC)
LaTeX Encoding Info:    Redeclaring text command \textsterling (encoding ?) on 
input line 51.
LaTeX Font Info:    Redeclaring symbol font `operators' on input line 66.
LaTeX Font Info:    Overwriting symbol font `operators' in version `normal'
(Font)                  OT1/cmr/m/n --> OT1/ptmcm/m/n on input line 66.
LaTeX Font Info:    Overwriting symbol font `operators' in version `bold'
(Font)                  OT1/cmr/bx/n --> OT1/ptmcm/m/n on input line 66.
LaTeX Font Info:    Redeclaring symbol font `letters' on input line 67.
LaTeX Font Info:    Overwriting symbol font `letters' in version `normal'
(Font)                  OML/cmm/m/it --> OML/ptmcm/m/it on input line 67.
LaTeX Font Info:    Overwriting symbol font `letters' in version `bold'
(Font)                  OML/cmm/b/it --> OML/ptmcm/m/it on input line 67.
LaTeX Font Info:    Redeclaring symbol font `symbols' on input line 68.
LaTeX Font Info:    Overwriting symbol font `symbols' in version `normal'
(Font)                  OMS/cmsy/m/n --> OMS/pzccm/m/n on input line 68.
LaTeX Font Info:    Overwriting symbol font `symbols' in version `bold'
(Font)                  OMS/cmsy/b/n --> OMS/pzccm/m/n on input line 68.
LaTeX Font Info:    Redeclaring symbol font `largesymbols' on input line 69.
LaTeX Font Info:    Overwriting symbol font `largesymbols' in version `normal'
(Font)                  OMX/cmex/m/n --> OMX/psycm/m/n on input line 69.
LaTeX Font Info:    Overwriting symbol font `largesymbols' in version `bold'
(Font)                  OMX/cmex/m/n --> OMX/psycm/m/n on input line 69.
\symbold=\mathgroup4
\symitalic=\mathgroup5
LaTeX Font Info:    Redeclaring math alphabet \mathbf on input line 75.
LaTeX Font Info:    Overwriting math alphabet `\mathbf' in version `normal'
(Font)                  OT1/cmr/bx/n --> OT1/ptm/bx/n on input line 75.
LaTeX Font Info:    Overwriting math alphabet `\mathbf' in version `bold'
(Font)                  OT1/cmr/bx/n --> OT1/ptm/bx/n on input line 75.
LaTeX Font Info:    Redeclaring math alphabet \mathit on input line 76.
LaTeX Font Info:    Overwriting math alphabet `\mathit' in version `normal'
(Font)                  OT1/cmr/m/it --> OT1/ptm/m/it on input line 76.
LaTeX Font Info:    Overwriting math alphabet `\mathit' in version `bold'
(Font)                  OT1/cmr/bx/it --> OT1/ptm/m/it on input line 76.
)
(C:\Users\louay\AppData\Local\Programs\MiKTeX\tex/latex/colortbl\colortbl.sty
Package: colortbl 2026/05/01 v1.0l Color table columns (DPC)

(C:\Users\louay\AppData\Local\Programs\MiKTeX\tex/latex/tools\array.sty
Package: array 2025/09/25 v2.6n Tabular extension package (FMi)
\col@sep=\dimen194
\ar@mcellbox=\box59
\extrarowheight=\dimen195
\NC@list=\toks29
\extratabsurround=\skip55
\backup@length=\skip56
\ar@cellbox=\box60
)
\everycr=\toks30
\minrowclearance=\skip57
\rownum=\count318
)
(C:\Users\louay\AppData\Local\Programs\MiKTeX\tex/latex/setspace\setspace.sty
Package: setspace 2022/12/04 v6.7b set line spacing
)
(C:\Users\louay\AppData\Local\Programs\MiKTeX\tex/latex/tools\enumerate.sty
Package: enumerate 2023/07/04 v3.00 enumerate extensions (DPC)
\@enLab=\toks31
)
(C:\Users\louay\AppData\Local\Programs\MiKTeX\tex/latex/enumitem\enumitem.sty
Package: enumitem 2025/02/06 v3.11 Customized lists
\labelindent=\skip58
\enit@outerparindent=\dimen196
\enit@toks=\toks32
\enit@inbox=\box61
\enit@count@id=\count319
\enitdp@description=\count320
)
(C:\Users\louay\AppData\Local\Programs\MiKTeX\tex/latex/tools\longtable.sty
Package: longtable 2025-10-13 v4.24 Multi-page Table package (DPC)
\LTleft=\skip59
\LTright=\skip60
\LTpre=\skip61
\LTpost=\skip62
\LTchunksize=\count321
\LTcapwidth=\dimen197
\LT@head=\box62
\LT@firsthead=\box63
\LT@foot=\box64
\LT@lastfoot=\box65
\LT@gbox=\box66
\LT@cols=\count322
\LT@rows=\count323
\c@LT@tables=\count324
\c@LT@chunks=\count325
\LT@p@ftn=\toks33
)
(C:\Users\louay\AppData\Local\Programs\MiKTeX\tex/latex/multirow\multirow.sty
Package: multirow 2024/11/12 v2.9 Span multiple rows of a table
\multirow@colwidth=\skip63
\multirow@cntb=\count326
\multirow@dima=\skip64
\bigstrutjot=\dimen198
)
(C:\Users\louay\AppData\Local\Programs\MiKTeX\tex/latex/caption\caption.sty
Package: caption 2023/08/05 v3.6o Customizing captions (AR)

(C:\Users\louay\AppData\Local\Programs\MiKTeX\tex/latex/caption\caption3.sty
Package: caption3 2023/07/31 v2.4d caption3 kernel (AR)
\caption@tempdima=\dimen199
\captionmargin=\dimen256
\caption@leftmargin=\dimen257
\caption@rightmargin=\dimen258
\caption@width=\dimen259
\caption@indent=\dimen260
\caption@parindent=\dimen261
\caption@hangindent=\dimen262
Package caption Info: Standard document class detected.
Package caption Info: french babel package is loaded.
)
\c@caption@flags=\count327
\c@continuedfloat=\count328
Package caption Info: float package is loaded.
Package caption Info: hyperref package is loaded.
Package caption Info: longtable package is loaded.

(C:\Users\louay\AppData\Local\Programs\MiKTeX\tex/latex/caption\ltcaption.sty
Package: ltcaption 2021/01/08 v1.4c longtable captions (AR)
)) (C:\Users\louay\AppData\Local\Programs\MiKTeX\tex/latex/minitoc\minitoc.sty
Package: minitoc 2018/07/12 v62 Package minitoc

(C:\Users\louay\AppData\Local\Programs\MiKTeX\tex/latex/minitoc\mtcmess.sty
Package: mtcmess 2006/03/14
)
Package minitoc Info: I0001
(minitoc)             *** minitoc package, version 62 ***.
\tf@mtc=\write3
\mtcindent=\skip65
\mtcskipamount=\skip66
Package minitoc Info: I0005
(minitoc)             compatible with hyperref.
Package minitoc Info: I0023
(minitoc)             part level macros available.
Package minitoc Info: I0003
(minitoc)             chapter level macros available.
\mtc@toks=\toks34
\mtc@strutbox=\box67
\mtc@hstrutbox=\box68
Package minitoc Info: I0002
(minitoc)             Autoconfiguration of extensions.
\openout3 = `main.mtc0'.

\openout3 = `main.mtc'.


(main.mtc0)
Package minitoc Info: I0012
(minitoc)             Long extensions (Unix-like) will be used.
Package minitoc Info: I0031
(minitoc)             ==> this version is configured for UNIX-like 
(minitoc)                 (long extensions) file names.
\openout3 = `main.mtc'.

\openout3 = `main.mtc0'.

\c@mtc=\count329
\c@minitocdepth=\count330
\c@ptc=\count331
\c@parttocdepth=\count332
\ptcindent=\skip67
Package minitoc Info: I0010
(minitoc)             The english language is selected.
(minitoc)              on input line 4910.

(C:\Users\louay\AppData\Local\Programs\MiKTeX\tex/latex/minitoc\english.mld
File: english.mld 2006/01/13
)
(C:\Users\louay\AppData\Local\Programs\MiKTeX\tex/latex/minitoc\english.mld
File: english.mld 2006/01/13
))
(C:\Users\louay\AppData\Local\Programs\MiKTeX\tex/latex/fncychap\fncychap.sty
Package: fncychap 2007/07/30 v1.34 LaTeX package (Revised chapters)
\RW=\skip68
\mylen=\skip69
\myhi=\skip70
\px=\skip71
\py=\skip72
\pyy=\skip73
\pxx=\skip74
\backskip=\skip75
)
(C:\Users\louay\AppData\Local\Programs\MiKTeX\tex/latex/tools\tabularx.sty
Package: tabularx 2023/12/11 v2.12a `tabularx' package (DPC)
\TX@col@width=\dimen263
\TX@old@table=\dimen264
\TX@old@col=\dimen265
\TX@target=\dimen266
\TX@delta=\dimen267
\TX@cols=\count333
\TX@ftn=\toks35
)
(C:\Users\louay\AppData\Local\Programs\MiKTeX\tex/latex/microtype\microtype.sty
Package: microtype 2026/03/01 v3.2d Micro-typographical refinements (RS)
\MT@toks=\toks36
\MT@tempbox=\box69
\MT@count=\count334
LaTeX Info: Redefining \noprotrusionifhmode on input line 1084.
LaTeX Info: Redefining \leftprotrusion on input line 1085.
\MT@prot@toks=\toks37
LaTeX Info: Redefining \rightprotrusion on input line 1104.
LaTeX Info: Redefining \textls on input line 1449.
\MT@outer@kern=\dimen268
LaTeX Info: Redefining \microtypecontext on input line 2053.
LaTeX Info: Redefining \textmicrotypecontext on input line 2070.
\MT@listname@count=\count335

(C:\Users\louay\AppData\Local\Programs\MiKTeX\tex/latex/microtype\microtype-pdf
tex.def
File: microtype-pdftex.def 2026/03/01 v3.2d Definitions specific to pdftex (RS)

LaTeX Info: Redefining \lsstyle on input line 944.
LaTeX Info: Redefining \lslig on input line 944.
\MT@outer@space=\skip76
)
Package microtype Info: Loading configuration file microtype.cfg.

(C:\Users\louay\AppData\Local\Programs\MiKTeX\tex/latex/microtype\microtype.cfg
File: microtype.cfg 2026/03/01 v3.2d microtype main configuration file (RS)
)
LaTeX Info: Redefining \microtypesetup on input line 3065.
)
(C:\Users\louay\AppData\Local\Programs\MiKTeX\tex/latex/titlesec\titlesec.sty
Package: titlesec 2025/01/04 v2.17 Sectioning titles
\ttl@box=\box70
\beforetitleunit=\skip77
\aftertitleunit=\skip78
\ttl@plus=\dimen269
\ttl@minus=\dimen270
\ttl@toksa=\toks38
\titlewidth=\dimen271
\titlewidthlast=\dimen272
\titlewidthfirst=\dimen273
)
(C:\Users\louay\AppData\Local\Programs\MiKTeX\tex/latex/fancyhdr\fancyhdr.sty
Package: fancyhdr 2025/02/07 v5.2 Extensive control of page headers and footers

\f@nch@headwidth=\skip79
\f@nch@offset@elh=\skip80
\f@nch@offset@erh=\skip81
\f@nch@offset@olh=\skip82
\f@nch@offset@orh=\skip83
\f@nch@offset@elf=\skip84
\f@nch@offset@erf=\skip85
\f@nch@offset@olf=\skip86
\f@nch@offset@orf=\skip87
\f@nch@height=\skip88
\f@nch@footalignment=\skip89
\f@nch@widthL=\skip90
\f@nch@widthC=\skip91
\f@nch@widthR=\skip92
\@temptokenb=\toks39
)
Package french3.ldf Info: Setting StandardItemizeEnv=true for
(french3.ldf)             compatibility with enumitem package,
(french3.ldf)             reported on input line 130.
Package french3.ldf Info: Setting StandardEnumerateEnv=true for
(french3.ldf)             compatibility with enumitem package,
(french3.ldf)             reported on input line 130.

(C:\Users\louay\AppData\Local\Programs\MiKTeX\tex/latex/l3backend\l3backend-pdf
tex.def
File: l3backend-pdftex.def 2025-10-09 L3 backend support: PDF output (pdfTeX)
\l__color_backend_stack_int=\count336
) (main.aux
Package babel Info: 'french' activates 'french' shorthands.
(babel)             Reported on input line 12.
)
\openout1 = `main.aux'.

LaTeX Font Info:    Checking defaults for OML/cmm/m/it on input line 130.
LaTeX Font Info:    ... okay on input line 130.
LaTeX Font Info:    Checking defaults for OMS/pzccm/m/n on input line 130.
LaTeX Font Info:    Trying to load font information for OMS+pzccm on input line
 130.

(C:\Users\louay\AppData\Local\Programs\MiKTeX\tex/latex/psnfss\omspzccm.fd
File: omspzccm.fd 2000/01/03 Fontinst v1.801 font definitions for OMS/pzccm.
)
LaTeX Font Info:    ... okay on input line 130.
LaTeX Font Info:    Checking defaults for OT1/cmr/m/n on input line 130.
LaTeX Font Info:    ... okay on input line 130.
LaTeX Font Info:    Checking defaults for T1/cmr/m/n on input line 130.
LaTeX Font Info:    ... okay on input line 130.
LaTeX Font Info:    Checking defaults for TS1/cmr/m/n on input line 130.
LaTeX Font Info:    ... okay on input line 130.
LaTeX Font Info:    Checking defaults for OMX/cmex/m/n on input line 130.
LaTeX Font Info:    ... okay on input line 130.
LaTeX Font Info:    Checking defaults for U/cmr/m/n on input line 130.
LaTeX Font Info:    ... okay on input line 130.
LaTeX Font Info:    Checking defaults for PD1/pdf/m/n on input line 130.
LaTeX Font Info:    ... okay on input line 130.
LaTeX Font Info:    Checking defaults for PU/pdf/m/n on input line 130.
LaTeX Font Info:    ... okay on input line 130.
LaTeX Info: Redefining \degres on input line 130.

*geometry* driver: auto-detecting
*geometry* detected driver: pdftex
*geometry* verbose mode - [ preamble ] result:
* driver: pdftex
* paper: a4paper
* layout: <same size as paper>
* layoutoffset:(h,v)=(0.0pt,0.0pt)
* modes: twoside 
* h-part:(L,W,R)=(85.35826pt, 441.01773pt, 71.13188pt)
* v-part:(T,H,B)=(71.13188pt, 702.78308pt, 71.13188pt)
* \paperwidth=597.50787pt
* \paperheight=845.04684pt
* \textwidth=441.01773pt
* \textheight=702.78308pt
* \oddsidemargin=13.08827pt
* \evensidemargin=-1.1381pt
* \topmargin=-41.6381pt
* \headheight=15.5pt
* \headsep=25.0pt
* \topskip=12.0pt
* \footskip=30.0pt
* \marginparwidth=85.0pt
* \marginparsep=10.0pt
* \columnsep=10.0pt
* \skip\footins=10.8pt plus 4.0pt minus 2.0pt
* \hoffset=0.0pt
* \voffset=0.0pt
* \mag=1000
* \@twocolumnfalse
* \@twosidetrue
* \@mparswitchtrue
* \@reversemarginfalse
* (1in=72.27pt=25.4mm, 1cm=28.453pt)


(C:\Users\louay\AppData\Local\Programs\MiKTeX\tex/context/base/mkii\supp-pdf.mk
ii
[Loading MPS to PDF converter (version 2006.09.02).]
\scratchcounter=\count337
\scratchdimen=\dimen274
\scratchbox=\box71
\nofMPsegments=\count338
\nofMParguments=\count339
\everyMPshowfont=\toks40
\MPscratchCnt=\count340
\MPscratchDim=\dimen275
\MPnumerator=\count341
\makeMPintoPDFobject=\count342
\everyMPtoPDFconversion=\toks41
)
(C:\Users\louay\AppData\Local\Programs\MiKTeX\tex/latex/epstopdf-pkg\epstopdf-b
ase.sty
Package: epstopdf-base 2020-01-24 v2.11 Base part for package epstopdf
Package epstopdf-base Info: Redefining graphics rule for `.eps' on input line 4
85.

(C:\Users\louay\AppData\Local\Programs\MiKTeX\tex/latex/00miktex\epstopdf-sys.c
fg
File: epstopdf-sys.cfg 2021/03/18 v2.0 Configuration of epstopdf for MiKTeX
))
Package hyperref Info: Link coloring OFF on input line 130.
 (main.out) (main.out)
\@outlinefile=\write4
\openout4 = `main.out'.


(C:\Users\louay\AppData\Local\Programs\MiKTeX\tex/latex/pdflscape\pdflscape.sty
Package: pdflscape 2022-10-27 v0.13 Display of landscape pages in PDF

(C:\Users\louay\AppData\Local\Programs\MiKTeX\tex/latex/pdflscape\pdflscape-nom
etadata.sty
Package: pdflscape-nometadata 2022-10-28 v0.13 Display of landscape pages in PD
F (HO)

(C:\Users\louay\AppData\Local\Programs\MiKTeX\tex/latex/graphics\lscape.sty
Package: lscape 2020/05/28 v3.02 Landscape Pages (DPC)
)
Package pdflscape Info: Auto-detected driver: pdftex on input line 81.
))
Package caption Info: Begin \AtBeginDocument code.
Package caption Info: End \AtBeginDocument code.
Package minitoc(hints) Info: I0049
(minitoc(hints))             ==> You requested the hints option. 
(minitoc(hints))             Some hints are eventually given below.


Package minitoc(hints) Warning: W0099
(minitoc(hints))                --- The titlesec package is loaded. 
(minitoc(hints))                It is incompatible 
(minitoc(hints))                with the minitoc package.


Package minitoc(hints) Warning: W0028
(minitoc(hints))                --- The \chapter command is altered 
(minitoc(hints))                after minitoc.


Package minitoc(hints) Warning: W0023
(minitoc(hints))                --- It may be the consequence 
(minitoc(hints))                of loading the ``hyperref'' package.

Package microtype Info: Patching varwidth to enable character protrusion.
\MT@vwid@leftmargin=\dimen276
\MT@vwid@rightmargin=\dimen277
LaTeX Info: Redefining \microtypecontext on input line 130.
Package microtype Info: Applying patch `item' on input line 130.
Package microtype Info: Applying patch `toc' on input line 130.
Package microtype Info: Applying patch `eqnum' on input line 130.

Package microtype Warning: Unable to apply patch `footnote' on input line 130.

Package microtype Info: Applying patch `verbatim' on input line 130.
LaTeX Info: Redefining \microtypesetup on input line 130.
Package microtype Info: Generating PDF output.
Package microtype Info: Character protrusion enabled (level 2).
Package microtype Info: Using default protrusion set `alltext'.
Package microtype Info: Automatic font expansion enabled (level 2),
(microtype)             stretch: 20, shrink: 20, step: 1, non-selected.
Package microtype Info: Using default expansion set `alltext-nott'.
Package microtype Info: Patching command `\showhyphens'.
Package microtype Info: No adjustment of tracking.
Package microtype Info: No adjustment of interword spacing.
Package microtype Info: No adjustment of character kerning.
(C:\Users\louay\AppData\Local\Programs\MiKTeX\tex/latex/microtype\mt-ptm.cfg
File: mt-ptm.cfg 2006/04/20 v1.7 microtype config. file: Times (RS)
)
Package minitoc Info: I0024
(minitoc)             PREPARING MINITOCS FROM main.toc on input line 133.
Package minitoc Info: I0033
(minitoc)             Writing main.mtc1.
\openout3 = `main.mtc1'.

Package minitoc Info: I0033
(minitoc)             Writing main.mtc2.
\openout3 = `main.mtc2'.

Package minitoc Info: I0033
(minitoc)             Writing main.mtc3.
\openout3 = `main.mtc3'.

Package minitoc Info: I0033
(minitoc)             Writing main.mtc4.
\openout3 = `main.mtc4'.

Package minitoc Info: I0033
(minitoc)             Writing main.mtc5.
\openout3 = `main.mtc5'.

Package minitoc Info: I0033
(minitoc)             Writing main.mtc6.
\openout3 = `main.mtc6'.

Package minitoc Info: I0033
(minitoc)             Writing main.mtc7.
\openout3 = `main.mtc7'.

Package minitoc Info: I0033
(minitoc)             Writing main.mtc8.
\openout3 = `main.mtc8'.


(front_matter/dedicaces.tex
LaTeX Font Info:    Trying to load font information for OT1+ptmcm on input line
 39.

(C:\Users\louay\AppData\Local\Programs\MiKTeX\tex/latex/psnfss\ot1ptmcm.fd
File: ot1ptmcm.fd 2000/01/03 Fontinst v1.801 font definitions for OT1/ptmcm.
)
Package microtype Info: Loading generic protrusion settings for font family
(microtype)             `ptmcm' (encoding: OT1).
(microtype)             For optimal results, create family-specific settings.
(microtype)             See the microtype manual for details.
LaTeX Font Info:    Trying to load font information for OML+ptmcm on input line
 39.

(C:\Users\louay\AppData\Local\Programs\MiKTeX\tex/latex/psnfss\omlptmcm.fd
File: omlptmcm.fd 2000/01/03 Fontinst v1.801 font definitions for OML/ptmcm.
)
LaTeX Font Info:    Trying to load font information for OMX+psycm on input line
 39.

(C:\Users\louay\AppData\Local\Programs\MiKTeX\tex/latex/psnfss\omxpsycm.fd
File: omxpsycm.fd 2000/01/03 Fontinst v1.801 font definitions for OMX/psycm.
)
LaTeX Font Info:    Font shape `OT1/ptm/bx/n' in size <12> not available
(Font)              Font shape `OT1/ptm/b/n' tried instead on input line 39.
LaTeX Font Info:    Font shape `OT1/ptm/bx/n' in size <9> not available
(Font)              Font shape `OT1/ptm/b/n' tried instead on input line 39.
LaTeX Font Info:    Font shape `OT1/ptm/bx/n' in size <7> not available
(Font)              Font shape `OT1/ptm/b/n' tried instead on input line 39.
)
[1



{C:/Users/louay/AppData/Local/MiKTeX/fonts/map/pdftex/pdftex.map}{C:/Users/loua
y/AppData/Local/Programs/MiKTeX/fonts/enc/dvips/base/8r.enc}] [2

]
(front_matter/remerciements.tex) [3

] [4

] (main.toc
Package babel Info: 'french' activates 'french' shorthands.
(babel)             Reported on input line 36.
 [5

] [6])
\tf@toc=\write5
\openout5 = `main.toc'.

 [7] [8

] (main.lof
[9

] [10])
\tf@lof=\write6
\openout6 = `main.lof'.

 [11] [12

] (main.lot [13

])
\tf@lot=\write7
\openout7 = `main.lot'.

 [14] (projet/introduction.tex [1


] [2])
(projet/chapitre1.tex
Chapitre 1.
LaTeX Font Info:    Font shape `T1/phv/m/n' will be
(Font)              scaled to size 15.55188pt on input line 1.
Package microtype Info: Loading generic protrusion settings for font family
(microtype)             `phv' (encoding: T1).
(microtype)             For optimal results, create family-specific settings.
(microtype)             See the microtype manual for details.
LaTeX Font Info:    Font shape `T1/phv/m/n' will be
(Font)              scaled to size 22.39185pt on input line 1.
LaTeX Font Info:    Font shape `T1/phv/b/n' will be
(Font)              scaled to size 22.39185pt on input line 1.
LaTeX Font Info:    Font shape `T1/phv/b/n' will be
(Font)              scaled to size 15.55188pt on input line 1.
[3


]
<projet/images/logo_unibro-removebg-preview.png, id=584, 501.875pt x 501.875pt>

File: projet/images/logo_unibro-removebg-preview.png Graphic file (type png)
<use projet/images/logo_unibro-removebg-preview.png>
Package pdftex.def Info: projet/images/logo_unibro-removebg-preview.png  used o
n input line 20.
(pdftex.def)             Requested size: 150.56366pt x 150.56366pt.
 [4 <./projet/images/logo_unibro-removebg-preview.png>] [5] [6]
Overfull \hbox (23.37355pt too wide) in alignment at lines 107--112
 [] [] [] 
 []


Underfull \hbox (badness 6284) in paragraph at lines 119--119
[]|\T1/ptm/m/n/12 (+20) Organisation du
 []


Underfull \hbox (badness 10000) in paragraph at lines 129--129
[]|\T1/ptm/m/n/12 (+20) Implication du
 []


Underfull \hbox (badness 10000) in paragraph at lines 144--144
[]|\T1/ptm/m/n/12 (+20) Gestion des
 []


Overfull \hbox (23.37355pt too wide) in alignment at lines 112--154
 [] [] [] 
 []

ignored error: Infinite glue shrinkage found in box being split [7]
Underfull \hbox (badness 10000) in paragraph at lines 162--163
[]|\T1/ptm/b/n/12 (+20) Extreme Pro-gram-
 []


Overfull \hbox (35.77356pt too wide) in alignment at lines 159--164
 [] [] [] [] 
 []


Underfull \hbox (badness 10000) in paragraph at lines 167--167
[]|\T1/ptm/m/n/12 (+20) Gestion du dé-ve-lop-
 []


Underfull \hbox (badness 2538) in paragraph at lines 167--167
\T1/ptm/m/n/12 (+20) pe-ment par ité-ra-tions
 []


Underfull \hbox (badness 6284) in paragraph at lines 172--172
[]|\T1/ptm/m/n/12 (+20) Organisation du
 []


Underfull \hbox (badness 10000) in paragraph at lines 173--173
[]|\T1/ptm/m/n/12 (+20) Travail struc-turé en
 []


Underfull \hbox (badness 1342) in paragraph at lines 175--176
[]|\T1/ptm/m/n/12 (+20) Itérations trčs courtes
 []


Underfull \hbox (badness 10000) in paragraph at lines 175--176
\T1/ptm/m/n/12 (+20) avec li-vrai-sons fré-
 []


Underfull \hbox (badness 10000) in paragraph at lines 178--178
[]|\T1/ptm/m/n/12 (+20) Gestion des
 []


Underfull \hbox (badness 10000) in paragraph at lines 179--179
[]|\T1/ptm/m/n/12 (+20) Product Ba-ck-log et
 []


Underfull \hbox (badness 10000) in paragraph at lines 180--180
[]|\T1/ptm/m/n/12 (+20) Tableau Kan-ban
 []


Underfull \hbox (badness 10000) in paragraph at lines 180--180
\T1/ptm/m/n/12 (+20) (Ŕ faire, En cours,
 []


Underfull \hbox (badness 10000) in paragraph at lines 187--188
[]|\T1/ptm/m/n/12 (+20) Collaboration étroite
 []


Underfull \hbox (badness 1789) in paragraph at lines 187--188
\T1/ptm/m/n/12 (+20) entre dé-ve-lop-peurs et
 []


Underfull \hbox (badness 2913) in paragraph at lines 192--192
[]|\T1/ptm/m/n/12 (+20) Peu de réunions for-
 []


Underfull \hbox (badness 10000) in paragraph at lines 193--194
[]|\T1/ptm/m/n/12 (+20) Réunions fré-quentes
 []


Underfull \hbox (badness 2735) in paragraph at lines 197--197
[]|\T1/ptm/m/n/12 (+20) Changements in-té-grés
 []


Underfull \hbox (badness 10000) in paragraph at lines 211--212
[]|\T1/ptm/m/n/12 (+20) Limitation na-tu-relle
 []


Underfull \hbox (badness 10000) in paragraph at lines 211--212
\T1/ptm/m/n/12 (+20) grâce aux ité-ra-tions
 []


Underfull \hbox (badness 10000) in paragraph at lines 220--220
[]|\T1/ptm/m/n/12 (+20) Pratiques tech-
 []


Underfull \hbox (badness 10000) in paragraph at lines 223--224
[]|\T1/ptm/m/n/12 (+20) TDD, Pair Pro-gram-
 []


Underfull \hbox (badness 10000) in paragraph at lines 223--224
\T1/ptm/m/n/12 (+20) ming, in-té-gra-tion
 []


Underfull \hbox (badness 10000) in paragraph at lines 223--224
\T1/ptm/m/n/12 (+20) conti-nue et tests
 []


Underfull \hbox (badness 1168) in paragraph at lines 227--227
[]|\T1/ptm/m/n/12 (+20) Projets com-plexes né-
 []


Underfull \hbox (badness 10000) in paragraph at lines 228--228
[]|\T1/ptm/m/n/12 (+20) Activités conti-nues
 []


Underfull \hbox (badness 3148) in paragraph at lines 228--228
\T1/ptm/m/n/12 (+20) telles que la main-te-
 []


Underfull \hbox (badness 7925) in paragraph at lines 229--230
[]|\T1/ptm/m/n/12 (+20) Projets lo-gi-ciels exi-
 []


Overfull \hbox (35.77356pt too wide) in alignment at lines 164--232
 [] [] [] [] 
 []

ignored error: Infinite glue shrinkage found in box being split [8]
<projet/images/scrum.png, id=616, 770.88pt x 316.93407pt>
File: projet/images/scrum.png Graphic file (type png)
<use projet/images/scrum.png>
Package pdftex.def Info: projet/images/scrum.png  used on input line 244.
(pdftex.def)             Requested size: 352.81552pt x 145.05153pt.
 [9 <./projet/images/scrum.png>]) (projet/chapitre2.tex [10]
Chapitre 2.
[11

] [12] [13]

pdfTeX warning: pdflatex.exe (file ./projet/images/usecase/use.pdf): PDF inclus
ion: found PDF version <1.7>, but at most version <1.5> allowed
<projet/images/usecase/use.pdf, id=650, 597.19106pt x 845.07718pt>
File: projet/images/usecase/use.pdf Graphic file (type pdf)
<use projet/images/usecase/use.pdf>
Package pdftex.def Info: projet/images/usecase/use.pdf  used on input line 102.

(pdftex.def)             Requested size: 478.00865pt x 676.42372pt.

Overfull \hbox (36.99092pt too wide) in paragraph at lines 98--103
 [][] 
 []

[14] [15 <./projet/images/usecase/use.pdf>] [16]
Overfull \hbox (33.13939pt too wide) in alignment at lines 181--186
 [] [] [] [] [] [] [] 
 []


Overfull \hbox (33.13939pt too wide) in alignment at lines 186--191
 [] [] [] [] [] [] [] 
 []


Overfull \hbox (33.13939pt too wide) in alignment at lines 191--228
 [] [] [] [] [] [] [] 
 []

ignored error: Infinite glue shrinkage found in box being split [17]
ignored error: Infinite glue shrinkage found in box being split [18]
ignored error: Infinite glue shrinkage found in box being split [19]
Overfull \hbox (81.42221pt too wide) in alignment at lines 241--245
 [] [] [] [] [] 
 []


Overfull \hbox (81.42221pt too wide) in alignment at lines 245--249
 [] [] [] [] [] 
 []


Overfull \hbox (81.42221pt too wide) in alignment at lines 249--263
 [] [] [] [] [] 
 []

[20]
Overfull \hbox (81.42221pt too wide) in alignment at lines 271--275
 [] [] [] [] [] 
 []


Overfull \hbox (81.42221pt too wide) in alignment at lines 275--290
 [] [] [] [] [] 
 []

ignored error: Infinite glue shrinkage found in box being split [21]
<projet/images/daigramme_de_gant.jpeg, id=694, 913.4125pt x 271.0125pt>
File: projet/images/daigramme_de_gant.jpeg Graphic file (type jpg)
<use projet/images/daigramme_de_gant.jpeg>
Package pdftex.def Info: projet/images/daigramme_de_gant.jpeg  used on input li
ne 299.
(pdftex.def)             Requested size: 441.01773pt x 130.84955pt.
 [22 <./projet/images/daigramme_de_gant.jpeg>]
<projet/images/Figma-logo.png, id=699, 501.875pt x 752.8125pt>
File: projet/images/Figma-logo.png Graphic file (type png)
<use projet/images/Figma-logo.png>
Package pdftex.def Info: projet/images/Figma-logo.png  used on input line 360.
(pdftex.def)             Requested size: 37.93pt x 56.9055pt.
<projet/images/ps adobe.png, id=701, 225.84375pt x 225.84375pt>
File: projet/images/ps adobe.png Graphic file (type png)
<use projet/images/ps adobe.png>
Package pdftex.def Info: projet/images/ps adobe.png  used on input line 369.
(pdftex.def)             Requested size: 56.90533pt x 56.9055pt.
<projet/images/draw io.png, id=703, 225.84375pt x 225.84375pt>
File: projet/images/draw io.png Graphic file (type png)
<use projet/images/draw io.png>
Package pdftex.def Info: projet/images/draw io.png  used on input line 377.
(pdftex.def)             Requested size: 56.90533pt x 56.9055pt.
<projet/images/overlef.png, id=705, 210.7875pt x 240.9pt>
File: projet/images/overlef.png Graphic file (type png)
<use projet/images/overlef.png>
Package pdftex.def Info: projet/images/overlef.png  used on input line 386.
(pdftex.def)             Requested size: 49.79237pt x 56.9055pt.
<projet/images/vs.jpeg, id=707, 225.84375pt x 225.84375pt>
File: projet/images/vs.jpeg Graphic file (type jpg)
<use projet/images/vs.jpeg>
Package pdftex.def Info: projet/images/vs.jpeg  used on input line 407.
(pdftex.def)             Requested size: 56.90533pt x 56.9055pt.
<projet/images/tt.jpeg, id=709, 224.84pt x 224.84pt>
File: projet/images/tt.jpeg Graphic file (type jpg)
<use projet/images/tt.jpeg>
Package pdftex.def Info: projet/images/tt.jpeg  used on input line 413.
(pdftex.def)             Requested size: 56.9063pt x 56.9055pt.
<projet/images/postamn.jpeg, id=711, 200.75pt x 200.75pt>
File: projet/images/postamn.jpeg Graphic file (type jpg)
<use projet/images/postamn.jpeg>
Package pdftex.def Info: projet/images/postamn.jpeg  used on input line 419.
(pdftex.def)             Requested size: 56.90495pt x 56.9055pt.
 [23 <./projet/images/Figma-logo.png> <./projet/images/ps adobe.png> <./projet/
images/draw io.png> <./projet/images/overlef.png>] [24 <./projet/images/vs.jpeg
> <./projet/images/tt.jpeg> <./projet/images/postamn.jpeg>]
<projet/images/architecture logique.jpg, id=755, 1241.63875pt x 700.6175pt>
File: projet/images/architecture logique.jpg Graphic file (type jpg)
<use projet/images/architecture logique.jpg>
Package pdftex.def Info: projet/images/architecture logique.jpg  used on input 
line 495.
(pdftex.def)             Requested size: 248.32335pt x 140.12102pt.
 [25 <./projet/images/architecture logique.jpg>]
<projet/images/xc.png, id=766, 835.32076pt x 407.121pt>
File: projet/images/xc.png Graphic file (type png)
<use projet/images/xc.png>
Package pdftex.def Info: projet/images/xc.png  used on input line 531.
(pdftex.def)             Requested size: 396.91325pt x 193.44661pt.
) [26 <./projet/images/xc.png>] (projet/chapitre3.tex [27]
Chapitre 3.
[28

]
Overfull \hbox (33.13939pt too wide) in alignment at lines 31--35
 [] [] [] [] [] [] [] 
 []


Overfull \hbox (33.13939pt too wide) in alignment at lines 35--39
 [] [] [] [] [] [] [] 
 []


Overfull \hbox (33.13939pt too wide) in alignment at lines 39--49
 [] [] [] [] [] [] [] 
 []

ignored error: Infinite glue shrinkage found in box being split [29]
<projet/images/usecase/sprint1/use_case_sprint1.png, id=785, 2728.1925pt x 1045
.9075pt>
File: projet/images/usecase/sprint1/use_case_sprint1.png Graphic file (type png
)
<use projet/images/usecase/sprint1/use_case_sprint1.png>
Package pdftex.def Info: projet/images/usecase/sprint1/use_case_sprint1.png  us
ed on input line 58.
(pdftex.def)             Requested size: 396.91325pt x 152.15541pt.

Overfull \hbox (39.42633pt too wide) in alignment at lines 65--85
 [] [] 
 []

[30 <./projet/images/usecase/sprint1/use_case_sprint1.png>]
Overfull \hbox (39.42633pt too wide) in alignment at lines 90--106
 [] [] 
 []

ignored error: Infinite glue shrinkage found in box being split [31]
<projet/images/usecase/sprint1/gerer_compte_employe.png, id=795, 1115.16624pt x
 372.39125pt>
File: projet/images/usecase/sprint1/gerer_compte_employe.png Graphic file (type
 png)
<use projet/images/usecase/sprint1/gerer_compte_employe.png>
Package pdftex.def Info: projet/images/usecase/sprint1/gerer_compte_employe.png
  used on input line 113.
(pdftex.def)             Requested size: 396.91325pt x 132.5379pt.

Underfull \hbox (badness 10000) in paragraph at lines 128--135

 []


Overfull \hbox (39.42633pt too wide) in alignment at lines 121--152
 [] [] 
 []

ignored error: Infinite glue shrinkage found in box being split [32 <./projet/i
mages/usecase/sprint1/gerer_compte_employe.png>]
<projet/images/usecase/sprint1/gere_compte_rh.png, id=801, 3513.125pt x 1047.91
5pt>
File: projet/images/usecase/sprint1/gere_compte_rh.png Graphic file (type png)
<use projet/images/usecase/sprint1/gere_compte_rh.png>
Package pdftex.def Info: projet/images/usecase/sprint1/gere_compte_rh.png  used
 on input line 159.
(pdftex.def)             Requested size: 396.91325pt x 118.38902pt.
 [33]
Overfull \hbox (39.42633pt too wide) in alignment at lines 167--199
 [] [] 
 []

ignored error: Infinite glue shrinkage found in box being split [34 <./projet/i
mages/usecase/sprint1/gere_compte_rh.png>]
<projet/images/digf/ss1/auth.drawio.png, id=811, 2009.5075pt x 1828.8325pt>
File: projet/images/digf/ss1/auth.drawio.png Graphic file (type png)
<use projet/images/digf/ss1/auth.drawio.png>
Package pdftex.def Info: projet/images/digf/ss1/auth.drawio.png  used on input 
line 215.
(pdftex.def)             Requested size: 396.91325pt x 361.2114pt.
 [35]
<projet/images/digf/ss1/sinscrire.drawio.png, id=818, 2129.9575pt x 2051.665pt>

File: projet/images/digf/ss1/sinscrire.drawio.png Graphic file (type png)
<use projet/images/digf/ss1/sinscrire.drawio.png>
Package pdftex.def Info: projet/images/digf/ss1/sinscrire.drawio.png  used on i
nput line 226.
(pdftex.def)             Requested size: 396.91325pt x 382.307pt.
 [36 <./projet/images/digf/ss1/auth.drawio.png>]
<projet/images/digf/ss1/creer_compte_employe.png, id=824, 3296.315pt x 2553.54p
t>
File: projet/images/digf/ss1/creer_compte_employe.png Graphic file (type png)
<use projet/images/digf/ss1/creer_compte_employe.png>
Package pdftex.def Info: projet/images/digf/ss1/creer_compte_employe.png  used 
on input line 235.
(pdftex.def)             Requested size: 396.91325pt x 307.46361pt.
 [37 <./projet/images/digf/ss1/sinscrire.drawio.png>]
<projet/images/digf/ss1/sup.drawio.png, id=830, 1346.02875pt x 1085.05376pt>
File: projet/images/digf/ss1/sup.drawio.png Graphic file (type png)
<use projet/images/digf/ss1/sup.drawio.png>
Package pdftex.def Info: projet/images/digf/ss1/sup.drawio.png  used on input l
ine 244.
(pdftex.def)             Requested size: 396.91325pt x 319.95563pt.
 [38 <./projet/images/digf/ss1/creer_compte_employe.png>]
<projet/images/digf/ss1/mrc.drawio.png, id=836, 2812.5075pt x 2250.4075pt>
File: projet/images/digf/ss1/mrc.drawio.png Graphic file (type png)
<use projet/images/digf/ss1/mrc.drawio.png>
Package pdftex.def Info: projet/images/digf/ss1/mrc.drawio.png  used on input l
ine 253.
(pdftex.def)             Requested size: 396.91325pt x 317.56161pt.
 [39 <./projet/images/digf/ss1/sup.drawio.png>]
<projet/images/classe finale/diagramme_de_classe_s1.png, id=842, 2551.5325pt x 
2178.1375pt>
File: projet/images/classe finale/diagramme_de_classe_s1.png Graphic file (type
 png)
<use projet/images/classe finale/diagramme_de_classe_s1.png>
Package pdftex.def Info: projet/images/classe finale/diagramme_de_classe_s1.png
  used on input line 263.
(pdftex.def)             Requested size: 396.91325pt x 338.8043pt.
 [40 <./projet/images/digf/ss1/mrc.drawio.png>]
<projet/images/interface/s1/connexion.jpeg, id=849, 1606.0pt x 892.33376pt>
File: projet/images/interface/s1/connexion.jpeg Graphic file (type jpg)
<use projet/images/interface/s1/connexion.jpeg>
Package pdftex.def Info: projet/images/interface/s1/connexion.jpeg  used on inp
ut line 278.
(pdftex.def)             Requested size: 396.91325pt x 220.53671pt.
 [41 <./projet/images/classe finale/diagramme_de_classe_s1.png>]
<projet/images/interface/s1/ins.jpeg, id=856, 1606.0pt x 1119.18124pt>
File: projet/images/interface/s1/ins.jpeg Graphic file (type jpg)
<use projet/images/interface/s1/ins.jpeg>
Package pdftex.def Info: projet/images/interface/s1/ins.jpeg  used on input lin
e 289.
(pdftex.def)             Requested size: 396.91325pt x 276.60117pt.
<projet/images/interface/s1/gestion employe.jpeg, id=857, 1606.0pt x 762.85pt>
File: projet/images/interface/s1/gestion employe.jpeg Graphic file (type jpg)
<use projet/images/interface/s1/gestion employe.jpeg>
Package pdftex.def Info: projet/images/interface/s1/gestion employe.jpeg  used 
on input line 300.
(pdftex.def)             Requested size: 396.91325pt x 188.53532pt.
 [42 <./projet/images/interface/s1/connexion.jpeg> <./projet/images/interface/s
1/ins.jpeg>]
<projet/images/interface/s1/gestion rh.jpeg, id=862, 1606.0pt x 762.85pt>
File: projet/images/interface/s1/gestion rh.jpeg Graphic file (type jpg)
<use projet/images/interface/s1/gestion rh.jpeg>
Package pdftex.def Info: projet/images/interface/s1/gestion rh.jpeg  used on in
put line 311.
(pdftex.def)             Requested size: 396.91325pt x 188.53532pt.
 [43 <./projet/images/interface/s1/gestion employe.jpeg> <./projet/images/inter
face/s1/gestion rh.jpeg>]
Overfull \hbox (33.13939pt too wide) in alignment at lines 331--335
 [] [] [] [] [] [] [] 
 []


Overfull \hbox (33.13939pt too wide) in alignment at lines 335--339
 [] [] [] [] [] [] [] 
 []


Overfull \hbox (33.13939pt too wide) in alignment at lines 339--346
 [] [] [] [] [] [] [] 
 []

<projet/images/usecase/sprint2/sprint2.drawio.png.png, id=867, 1949.2825pt x 12
86.8075pt>
File: projet/images/usecase/sprint2/sprint2.drawio.png.png Graphic file (type p
ng)
<use projet/images/usecase/sprint2/sprint2.drawio.png.png>
Package pdftex.def Info: projet/images/usecase/sprint2/sprint2.drawio.png.png  
used on input line 357.
(pdftex.def)             Requested size: 396.91325pt x 262.01045pt.
[44]
Overfull \hbox (39.42633pt too wide) in alignment at lines 365--381
 [] [] 
 []

[45 <./projet/images/usecase/sprint2/sprint2.drawio.png.png>]
Overfull \hbox (39.42633pt too wide) in alignment at lines 386--404
 [] [] 
 []


Overfull \hbox (39.42633pt too wide) in alignment at lines 409--425
 [] [] 
 []

ignored error: Infinite glue shrinkage found in box being split [46]
Overfull \hbox (39.42633pt too wide) in alignment at lines 430--444
 [] [] 
 []


Overfull \hbox (39.42633pt too wide) in alignment at lines 450--480
 [] [] 
 []

[47]
<projet/images/digf/ss2/connecter_cameras.png, id=886, 2533.465pt x 2413.015pt>

File: projet/images/digf/ss2/connecter_cameras.png Graphic file (type png)
<use projet/images/digf/ss2/connecter_cameras.png>
Package pdftex.def Info: projet/images/digf/ss2/connecter_cameras.png  used on 
input line 497.
(pdftex.def)             Requested size: 374.86775pt x 357.03963pt.
 [48]
<projet/images/digf/ss2/enregister_visage.png, id=892, 2692.0575pt x 2230.3325p
t>
File: projet/images/digf/ss2/enregister_visage.png Graphic file (type png)
<use projet/images/digf/ss2/enregister_visage.png>
Package pdftex.def Info: projet/images/digf/ss2/enregister_visage.png  used on 
input line 507.
(pdftex.def)             Requested size: 374.86775pt x 310.54282pt.
 [49 <./projet/images/digf/ss2/connecter_cameras.png>]
<projet/images/digf/ss2/modifier_infos.png, id=898, 2692.0575pt x 2150.0325pt>
File: projet/images/digf/ss2/modifier_infos.png Graphic file (type png)
<use projet/images/digf/ss2/modifier_infos.png>
Package pdftex.def Info: projet/images/digf/ss2/modifier_infos.png  used on inp
ut line 516.
(pdftex.def)             Requested size: 374.86775pt x 299.36215pt.
 [50 <./projet/images/digf/ss2/enregister_visage.png>]
<projet/images/digf/ss2/consulter_retard.png, id=904, 2692.0575pt x 1969.3575pt
>
File: projet/images/digf/ss2/consulter_retard.png Graphic file (type png)
<use projet/images/digf/ss2/consulter_retard.png>
Package pdftex.def Info: projet/images/digf/ss2/consulter_retard.png  used on i
nput line 526.
(pdftex.def)             Requested size: 374.86775pt x 274.20567pt.
 [51 <./projet/images/digf/ss2/modifier_infos.png>]
<projet/images/digf/ss2/pointage_facial.png, id=910, 2380.895pt x 2712.1325pt>
File: projet/images/digf/ss2/pointage_facial.png Graphic file (type png)
<use projet/images/digf/ss2/pointage_facial.png>
Package pdftex.def Info: projet/images/digf/ss2/pointage_facial.png  used on in
put line 536.
(pdftex.def)             Requested size: 374.86775pt x 426.9976pt.
 [52 <./projet/images/digf/ss2/consulter_retard.png>]
<projet/images/classe finale/daigramme_de_classe_s2.png, id=916, 2700.0875pt x 
2314.6475pt>
File: projet/images/classe finale/daigramme_de_classe_s2.png Graphic file (type
 png)
<use projet/images/classe finale/daigramme_de_classe_s2.png>
Package pdftex.def Info: projet/images/classe finale/daigramme_de_classe_s2.png
  used on input line 546.
(pdftex.def)             Requested size: 374.86775pt x 321.3289pt.
 [53 <./projet/images/digf/ss2/pointage_facial.png>]
<projet/images/interface/s2/connecter camera.jpeg, id=924, 1606.0pt x 1244.65pt
>
File: projet/images/interface/s2/connecter camera.jpeg Graphic file (type jpg)
<use projet/images/interface/s2/connecter camera.jpeg>
Package pdftex.def Info: projet/images/interface/s2/connecter camera.jpeg  used
 on input line 561.
(pdftex.def)             Requested size: 396.91325pt x 307.61026pt.
 [54 <./projet/images/classe finale/daigramme_de_classe_s2.png>]
<projet/images/interface/s2/enregister visage.jpeg, id=930, 1606.0pt x 884.3037
6pt>
File: projet/images/interface/s2/enregister visage.jpeg Graphic file (type jpg)

<use projet/images/interface/s2/enregister visage.jpeg>
Package pdftex.def Info: projet/images/interface/s2/enregister visage.jpeg  use
d on input line 572.
(pdftex.def)             Requested size: 396.91325pt x 218.55214pt.
<projet/images/interface/s2/modifier profile.jpeg, id=931, 1606.0pt x 762.85pt>

File: projet/images/interface/s2/modifier profile.jpeg Graphic file (type jpg)
<use projet/images/interface/s2/modifier profile.jpeg>
Package pdftex.def Info: projet/images/interface/s2/modifier profile.jpeg  used
 on input line 583.
(pdftex.def)             Requested size: 396.91325pt x 188.53532pt.
 [55 <./projet/images/interface/s2/connecter camera.jpeg> <./projet/images/inte
rface/s2/enregister visage.jpeg>]
<projet/images/interface/s2/absence.jpeg, id=936, 1606.0pt x 1162.3425pt>
File: projet/images/interface/s2/absence.jpeg Graphic file (type jpg)
<use projet/images/interface/s2/absence.jpeg>
Package pdftex.def Info: projet/images/interface/s2/absence.jpeg  used on input
 line 594.
(pdftex.def)             Requested size: 396.91325pt x 287.2683pt.
<projet/images/interface/s2/pointage_facial.jpeg, id=937, 1523.6925pt x 1606.0p
t>
File: projet/images/interface/s2/pointage_facial.jpeg Graphic file (type jpg)
<use projet/images/interface/s2/pointage_facial.jpeg>
Package pdftex.def Info: projet/images/interface/s2/pointage_facial.jpeg  used 
on input line 605.
(pdftex.def)             Requested size: 396.91325pt x 418.33434pt.
 [56 <./projet/images/interface/s2/modifier profile.jpeg> <./projet/images/inte
rface/s2/absence.jpeg>])
(projet/chapitre4.tex [57 <./projet/images/interface/s2/pointage_facial.jpeg>]
Chapitre 4.
[58

]
Overfull \hbox (33.13939pt too wide) in alignment at lines 22--41
 [] [] [] [] [] [] [] 
 []

ignored error: Infinite glue shrinkage found in box being split [59]
<projet/images/usecase/sprint 3/use_case_s3.png, id=955, 2398.9625pt x 1551.797
5pt>
File: projet/images/usecase/sprint 3/use_case_s3.png Graphic file (type png)
<use projet/images/usecase/sprint 3/use_case_s3.png>
Package pdftex.def Info: projet/images/usecase/sprint 3/use_case_s3.png  used o
n input line 49.
(pdftex.def)             Requested size: 396.91325pt x 256.7459pt.
 [60]
<projet/images/usecase/sprint 3/raffinement_gerer_conges.png, id=960, 1034.8662
6pt x 322.20375pt>
File: projet/images/usecase/sprint 3/raffinement_gerer_conges.png Graphic file 
(type png)
<use projet/images/usecase/sprint 3/raffinement_gerer_conges.png>
Package pdftex.def Info: projet/images/usecase/sprint 3/raffinement_gerer_conge
s.png  used on input line 58.
(pdftex.def)             Requested size: 396.91325pt x 123.5793pt.

Overfull \hbox (39.42633pt too wide) in alignment at lines 66--80
 [] [] 
 []

ignored error: Infinite glue shrinkage found in box being split [61 <./projet/i
mages/usecase/sprint 3/use_case_s3.png> <./projet/images/usecase/sprint 3/raffi
nement_gerer_conges.png>]
Underfull \hbox (badness 10000) in paragraph at lines 93--96

 []


Overfull \hbox (39.42633pt too wide) in alignment at lines 86--101
 [] [] 
 []

<projet/images/usecase/sprint 3/refinnement_gere_salaire.png, id=967, 3340.48pt
 x 847.165pt>
File: projet/images/usecase/sprint 3/refinnement_gere_salaire.png Graphic file 
(type png)
<use projet/images/usecase/sprint 3/refinnement_gere_salaire.png>
Package pdftex.def Info: projet/images/usecase/sprint 3/refinnement_gere_salair
e.png  used on input line 108.
(pdftex.def)             Requested size: 396.91325pt x 100.64713pt.
[62]
Overfull \hbox (39.42633pt too wide) in alignment at lines 116--132
 [] [] 
 []

[63 <./projet/images/usecase/sprint 3/refinnement_gere_salaire.png>]
Overfull \hbox (39.42633pt too wide) in alignment at lines 138--154
 [] [] 
 []


Overfull \hbox (39.42633pt too wide) in alignment at lines 160--175
 [] [] 
 []

ignored error: Infinite glue shrinkage found in box being split [64]
Overfull \hbox (39.42633pt too wide) in alignment at lines 181--197
 [] [] 
 []

<projet/images/usecase/sprint 3/gerer_document.png, id=981, 954.56625pt x 443.6
575pt>
File: projet/images/usecase/sprint 3/gerer_document.png Graphic file (type png)

<use projet/images/usecase/sprint 3/gerer_document.png>
Package pdftex.def Info: projet/images/usecase/sprint 3/gerer_document.png  use
d on input line 204.
(pdftex.def)             Requested size: 396.91325pt x 184.4732pt.
[65]
Overfull \hbox (39.42633pt too wide) in alignment at lines 212--225
 [] [] 
 []

[66 <./projet/images/usecase/sprint 3/gerer_document.png>]
Overfull \hbox (39.42633pt too wide) in alignment at lines 231--245
 [] [] 
 []


Overfull \hbox (39.42633pt too wide) in alignment at lines 251--265
 [] [] 
 []

ignored error: Infinite glue shrinkage found in box being split [67]
<projet/images/usecase/sprint 3/CS.png, id=996, 3045.3775pt x 847.165pt>
File: projet/images/usecase/sprint 3/CS.png Graphic file (type png)
<use projet/images/usecase/sprint 3/CS.png>
Package pdftex.def Info: projet/images/usecase/sprint 3/CS.png  used on input l
ine 272.
(pdftex.def)             Requested size: 396.91325pt x 110.40677pt.

Overfull \hbox (39.42633pt too wide) in alignment at lines 280--293
 [] [] 
 []

[68 <./projet/images/usecase/sprint 3/CS.png>]
Overfull \hbox (39.42633pt too wide) in alignment at lines 299--312
 [] [] 
 []


Overfull \hbox (39.42633pt too wide) in alignment at lines 318--331
 [] [] 
 []

ignored error: Infinite glue shrinkage found in box being split [69]
Overfull \hbox (39.42633pt too wide) in alignment at lines 337--352
 [] [] 
 []


Overfull \hbox (39.42633pt too wide) in alignment at lines 358--373
 [] [] 
 []

ignored error: Infinite glue shrinkage found in box being split [70]
<projet/images/digf/ss3/gerer conger.drawio.png, id=1010, 2712.1325pt x 2049.65
75pt>
File: projet/images/digf/ss3/gerer conger.drawio.png Graphic file (type png)
<use projet/images/digf/ss3/gerer conger.drawio.png>
Package pdftex.def Info: projet/images/digf/ss3/gerer conger.drawio.png  used o
n input line 388.
(pdftex.def)             Requested size: 396.91325pt x 299.96059pt.
 [71]
<projet/images/digf/ss3/attribuer bounuses.drawio.png, id=1017, 2712.1325pt x 2
029.5825pt>
File: projet/images/digf/ss3/attribuer bounuses.drawio.png Graphic file (type p
ng)
<use projet/images/digf/ss3/attribuer bounuses.drawio.png>
Package pdftex.def Info: projet/images/digf/ss3/attribuer bounuses.drawio.png  
used on input line 398.
(pdftex.def)             Requested size: 396.91325pt x 297.02267pt.

[72 <./projet/images/digf/ss3/gerer conger.drawio.png>]
<projet/images/digf/ss3/mis_ajour_salaire.png, id=1023, 2712.1325pt x 2150.0325
pt>
File: projet/images/digf/ss3/mis_ajour_salaire.png Graphic file (type png)
<use projet/images/digf/ss3/mis_ajour_salaire.png>
Package pdftex.def Info: projet/images/digf/ss3/mis_ajour_salaire.png  used on 
input line 408.
(pdftex.def)             Requested size: 396.91325pt x 314.65013pt.
 [73 <./projet/images/digf/ss3/attribuer bounuses.drawio.png>]
<projet/images/digf/ss3/Modifier salaire.drawio.png, id=1029, 2712.1325pt x 219
0.1825pt>
File: projet/images/digf/ss3/Modifier salaire.drawio.png Graphic file (type png
)
<use projet/images/digf/ss3/Modifier salaire.drawio.png>
Package pdftex.def Info: projet/images/digf/ss3/Modifier salaire.drawio.png  us
ed on input line 417.
(pdftex.def)             Requested size: 396.91325pt x 320.52596pt.
 [74 <./projet/images/digf/ss3/mis_ajour_salaire.png>]
<projet/images/digf/ss3/_consulter documents.drawio.png, id=1035, 2712.1325pt x
 2029.5825pt>
File: projet/images/digf/ss3/_consulter documents.drawio.png Graphic file (type
 png)
<use projet/images/digf/ss3/_consulter documents.drawio.png>
Package pdftex.def Info: projet/images/digf/ss3/_consulter documents.drawio.png
  used on input line 427.
(pdftex.def)             Requested size: 396.91325pt x 297.02267pt.
 [75 <./projet/images/digf/ss3/Modifier salaire.drawio.png>]
<projet/images/digf/ss3/gerer s document.drawio.png, id=1041, 2716.1475pt x 221
4.2725pt>
File: projet/images/digf/ss3/gerer s document.drawio.png Graphic file (type png
)
<use projet/images/digf/ss3/gerer s document.drawio.png>
Package pdftex.def Info: projet/images/digf/ss3/gerer s document.drawio.png  us
ed on input line 437.
(pdftex.def)             Requested size: 396.91325pt x 323.54465pt.

[76 <./projet/images/digf/ss3/_consulter documents.drawio.png>]
<projet/images/digf/ss3/consulter primes et deductions.png, id=1047, 2714.14pt 
x 1989.4325pt>
File: projet/images/digf/ss3/consulter primes et deductions.png Graphic file (t
ype png)
<use projet/images/digf/ss3/consulter primes et deductions.png>
Package pdftex.def Info: projet/images/digf/ss3/consulter primes et deductions.
png  used on input line 447.
(pdftex.def)             Requested size: 396.91325pt x 290.904pt.
 [77 <./projet/images/digf/ss3/gerer s document.drawio.png>]
<projet/images/digf/ss3/consulter_salaires.png, id=1054, 2712.1325pt x 2250.407
5pt>
File: projet/images/digf/ss3/consulter_salaires.png Graphic file (type png)
<use projet/images/digf/ss3/consulter_salaires.png>
Package pdftex.def Info: projet/images/digf/ss3/consulter_salaires.png  used on
 input line 457.
(pdftex.def)             Requested size: 396.91325pt x 329.33968pt.
 [78 <./projet/images/digf/ss3/consulter primes et deductions.png>]
<projet/images/digf/ss3/demander conges.drawio.png, id=1060, 2712.1325pt x 2250
.4075pt>
File: projet/images/digf/ss3/demander conges.drawio.png Graphic file (type png)

<use projet/images/digf/ss3/demander conges.drawio.png>
Package pdftex.def Info: projet/images/digf/ss3/demander conges.drawio.png  use
d on input line 467.
(pdftex.def)             Requested size: 396.91325pt x 329.33968pt.
 [79 <./projet/images/digf/ss3/consulter_salaires.png>]
<projet/images/digf/ss3/deposer documents.drawio.png, id=1066, 2712.1325pt x 22
30.3325pt>
File: projet/images/digf/ss3/deposer documents.drawio.png Graphic file (type pn
g)
<use projet/images/digf/ss3/deposer documents.drawio.png>
Package pdftex.def Info: projet/images/digf/ss3/deposer documents.drawio.png  u
sed on input line 477.
(pdftex.def)             Requested size: 396.91325pt x 326.40178pt.
 [80 <./projet/images/digf/ss3/demander conges.drawio.png>]
<projet/images/classe finale/s3.png, id=1072, 4025.0375pt x 3434.8325pt>
File: projet/images/classe finale/s3.png Graphic file (type png)
<use projet/images/classe finale/s3.png>
Package pdftex.def Info: projet/images/classe finale/s3.png  used on input line
 487.
(pdftex.def)             Requested size: 396.91325pt x 338.68153pt.
 [81 <./projet/images/digf/ss3/deposer documents.drawio.png>]
<projet/images/interface/s3/gestion_congee.jpeg, id=1079, 1606.0pt x 762.85pt>
File: projet/images/interface/s3/gestion_congee.jpeg Graphic file (type jpg)
<use projet/images/interface/s3/gestion_congee.jpeg>
Package pdftex.def Info: projet/images/interface/s3/gestion_congee.jpeg  used o
n input line 500.
(pdftex.def)             Requested size: 396.91325pt x 188.53532pt.
 [82 <./projet/images/classe finale/s3.png>]
<projet/images/interface/s3/gestion_slaires.jpeg, id=1085, 1606.0pt x 762.85pt>

File: projet/images/interface/s3/gestion_slaires.jpeg Graphic file (type jpg)
<use projet/images/interface/s3/gestion_slaires.jpeg>
Package pdftex.def Info: projet/images/interface/s3/gestion_slaires.jpeg  used 
on input line 509.
(pdftex.def)             Requested size: 396.91325pt x 188.53532pt.
<projet/images/interface/s3/document.jpeg, id=1086, 1606.0pt x 762.85pt>
File: projet/images/interface/s3/document.jpeg Graphic file (type jpg)
<use projet/images/interface/s3/document.jpeg>
Package pdftex.def Info: projet/images/interface/s3/document.jpeg  used on inpu
t line 519.
(pdftex.def)             Requested size: 396.91325pt x 188.53532pt.
 [83 <./projet/images/interface/s3/gestion_congee.jpeg> <./projet/images/interf
ace/s3/gestion_slaires.jpeg>]
<projet/images/interface/s3/monsalaire.jpeg, id=1092, 1606.0pt x 762.85pt>
File: projet/images/interface/s3/monsalaire.jpeg Graphic file (type jpg)
<use projet/images/interface/s3/monsalaire.jpeg>
Package pdftex.def Info: projet/images/interface/s3/monsalaire.jpeg  used on in
put line 529.
(pdftex.def)             Requested size: 396.91325pt x 188.53532pt.
<projet/images/interface/s3/mes_document.jpeg, id=1093, 1606.0pt x 825.0825pt>
File: projet/images/interface/s3/mes_document.jpeg Graphic file (type jpg)
<use projet/images/interface/s3/mes_document.jpeg>
Package pdftex.def Info: projet/images/interface/s3/mes_document.jpeg  used on 
input line 539.
(pdftex.def)             Requested size: 396.91325pt x 203.91583pt.
 [84 <./projet/images/interface/s3/document.jpeg> <./projet/images/interface/s3
/monsalaire.jpeg>]
File: projet/images/interface/s3/mes_document.jpeg Graphic file (type jpg)
<use projet/images/interface/s3/mes_document.jpeg>
Package pdftex.def Info: projet/images/interface/s3/mes_document.jpeg  used on 
input line 549.
(pdftex.def)             Requested size: 396.91325pt x 203.91583pt.
<projet/images/interface/s3/congeĂ©.jpeg, id=1098, 1606.0pt x 787.94376pt>
File: projet/images/interface/s3/congeĂ©.jpeg Graphic file (type jpg)
<use projet/images/interface/s3/congeĂ©.jpeg>
Package pdftex.def Info: projet/images/interface/s3/congeĂ©.jpeg  used on input
 line 559.
(pdftex.def)             Requested size: 396.91325pt x 194.73714pt.
 [85 <./projet/images/interface/s3/mes_document.jpeg>]
File: projet/images/interface/s3/mes_document.jpeg Graphic file (type jpg)
<use projet/images/interface/s3/mes_document.jpeg>
Package pdftex.def Info: projet/images/interface/s3/mes_document.jpeg  used on 
input line 569.
(pdftex.def)             Requested size: 396.91325pt x 203.91583pt.
 [86 <./projet/images/interface/s3/congeĂ©.jpeg>]
Overfull \hbox (33.13939pt too wide) in alignment at lines 586--597
 [] [] [] [] [] [] [] 
 []

<projet/images/usecase/sprint 4/uses4.drawio.png, id=1107, 2029.5825pt x 1198.4
775pt>
File: projet/images/usecase/sprint 4/uses4.drawio.png Graphic file (type png)
<use projet/images/usecase/sprint 4/uses4.drawio.png>
Package pdftex.def Info: projet/images/usecase/sprint 4/uses4.drawio.png  used 
on input line 605.
(pdftex.def)             Requested size: 396.91325pt x 234.36966pt.
[87]
Overfull \hbox (39.42633pt too wide) in alignment at lines 612--612
 [] [] 
 []


Overfull \hbox (39.42633pt too wide) in alignment at lines 616--616
 [] [] 
 []

[88 <./projet/images/usecase/sprint 4/uses4.drawio.png>]
Underfull \hbox (badness 10000) in paragraph at lines 633--636

 []


Overfull \hbox (39.42633pt too wide) in alignment at lines 621--646
 [] [] 
 []

ignored error: Infinite glue shrinkage found in box being split [89]
Overfull \hbox (39.42633pt too wide) in alignment at lines 652--679
 [] [] 
 []

<projet/images/digf/ss4/da.drawio.png, id=1122, 2511.3825pt x 2190.1825pt>
File: projet/images/digf/ss4/da.drawio.png Graphic file (type png)
<use projet/images/digf/ss4/da.drawio.png>
Package pdftex.def Info: projet/images/digf/ss4/da.drawio.png  used on input li
ne 690.
(pdftex.def)             Requested size: 396.91325pt x 346.12526pt.
[90] [91 <./projet/images/digf/ss4/da.drawio.png>]
<projet/images/digf/ss4/dr.drawio.png, id=1133, 2511.3825pt x 2310.6325pt>
File: projet/images/digf/ss4/dr.drawio.png Graphic file (type png)
<use projet/images/digf/ss4/dr.drawio.png>
Package pdftex.def Info: projet/images/digf/ss4/dr.drawio.png  used on input li
ne 700.
(pdftex.def)             Requested size: 396.91325pt x 365.16055pt.
<projet/images/digf/ss4/ch.drawio.png, id=1134, 2511.3825pt x 2230.3325pt>
File: projet/images/digf/ss4/ch.drawio.png Graphic file (type png)
<use projet/images/digf/ss4/ch.drawio.png>
Package pdftex.def Info: projet/images/digf/ss4/ch.drawio.png  used on input li
ne 710.
(pdftex.def)             Requested size: 396.91325pt x 352.47035pt.
 [92 <./projet/images/digf/ss4/dr.drawio.png>]
<projet/images/digf/ss4/gr.drawio.png, id=1140, 2513.39pt x 2553.54pt>
File: projet/images/digf/ss4/gr.drawio.png Graphic file (type png)
<use projet/images/digf/ss4/gr.drawio.png>
Package pdftex.def Info: projet/images/digf/ss4/gr.drawio.png  used on input li
ne 720.
(pdftex.def)             Requested size: 396.91325pt x 403.23671pt.
 [93 <./projet/images/digf/ss4/ch.drawio.png>]
<projet/images/classe finale/s4.png, id=1146, 4025.0375pt x 4360.29pt>
File: projet/images/classe finale/s4.png Graphic file (type png)
<use projet/images/classe finale/s4.png>
Package pdftex.def Info: projet/images/classe finale/s4.png  used on input line
 729.
(pdftex.def)             Requested size: 396.91325pt x 429.93355pt.
 [94 <./projet/images/digf/ss4/gr.drawio.png>]
<projet/images/interface/s4/dashbord_admin.jpg, id=1153, 1606.0pt x 928.46875pt
>
File: projet/images/interface/s4/dashbord_admin.jpg Graphic file (type jpg)
<use projet/images/interface/s4/dashbord_admin.jpg>
Package pdftex.def Info: projet/images/interface/s4/dashbord_admin.jpg  used on
 input line 744.
(pdftex.def)             Requested size: 396.91325pt x 229.46733pt.
 [95 <./projet/images/classe finale/s4.png>]
<projet/images/interface/s4/rh.jpeg, id=1160, 1606.0pt x 1135.24126pt>
File: projet/images/interface/s4/rh.jpeg Graphic file (type jpg)
<use projet/images/interface/s4/rh.jpeg>
Package pdftex.def Info: projet/images/interface/s4/rh.jpeg  used on input line
 757.
(pdftex.def)             Requested size: 396.91325pt x 280.57033pt.

[96 <./projet/images/interface/s4/dashbord_admin.jpg> <./projet/images/interfac
e/s4/rh.jpeg>]
<projet/images/interface/s4/rapport.jpg, id=1165, 1606.0pt x 1141.26375pt>
File: projet/images/interface/s4/rapport.jpg Graphic file (type jpg)
<use projet/images/interface/s4/rapport.jpg>
Package pdftex.def Info: projet/images/interface/s4/rapport.jpg  used on input 
line 770.
(pdftex.def)             Requested size: 396.91325pt x 282.05876pt.
<projet/images/interface/s4/historique.jpg, id=1166, 1606.0pt x 872.25874pt>
File: projet/images/interface/s4/historique.jpg Graphic file (type jpg)
<use projet/images/interface/s4/historique.jpg>
Package pdftex.def Info: projet/images/interface/s4/historique.jpg  used on inp
ut line 783.
(pdftex.def)             Requested size: 396.91325pt x 215.57526pt.
 [97 <./projet/images/interface/s4/rapport.jpg>]) [98 <./projet/images/interfac
e/s4/historique.jpg>] (projet/conclusion.tex) [99


] [100]
(projet/references.tex
Package microtype Info: Loading generic protrusion settings for font family
(microtype)             `pcr' (encoding: T1).
(microtype)             For optimal results, create family-specific settings.
(microtype)             See the microtype manual for details.

Underfull \hbox (badness 10000) in paragraph at lines 23--24
[]\T1/ptm/m/n/12 (+20) Overleaf Do-cu-men-ta-tion, \T1/ptm/m/it/12 (+20) La-TeX
 Tu-to-rials\T1/ptm/m/n/12 (+20) , []$\T1/pcr/m/n/12 https : / / docs . overlea
f . com /
 []


Underfull \hbox (badness 1237) in paragraph at lines 43--44
[]\T1/ptm/m/n/12 (+20) ECMA In-ter-na-tio-nal, \T1/ptm/m/it/12 (+20) EC-MAS-cri
pt 2023 Lan-guage Spe-ci-fi-ca-tion\T1/ptm/m/n/12 (+20) , []$\T1/pcr/m/n/12 htt
ps : / / www .
 []


Underfull \hbox (badness 1817) in paragraph at lines 62--63
[]\T1/ptm/m/n/12 (+20) Pallets Pro-jects, \T1/ptm/m/it/12 (+20) Flask Do-cu-men
-ta-tion\T1/ptm/m/n/12 (+20) , []$\T1/pcr/m/n/12 https : / / flask . palletspro
jects . com$[]\T1/ptm/m/n/12 (+20) ,
 []

[101


])
Package minitoc Info: I0009
(minitoc)             Listing minitoc auxiliary files. 
(minitoc)             Creating the main.maf file.
\openout3 = `main.maf'.



Package minitoc(hints) Warning: W0078
(minitoc(hints))                You have used \dominitoc, 
(minitoc(hints))                but not \minitoc.


Package minitoc(hints) Warning: W0086
(minitoc(hints))                The fncychap package should be 
(minitoc(hints))                loaded BEFORE the minitoc package.

Package minitoc(hints) Info: I0053
(minitoc(hints))             You have loaded the float package; 
(minitoc(hints))             please be aware that the minitoc package 
(minitoc(hints))             facilities can not be used for new types 
(minitoc(hints))             of floats defined by the float package.

Package minitoc(hints) Warning: W0024
(minitoc(hints))                Some hints have been written 
(minitoc(hints))                in the main.log file.

[102] (main.aux)
 ***********
LaTeX2e <2025-11-01>
L3 programming layer <2025-12-24>
 ***********
Package rerunfilecheck Info: File `main.out' has not changed.
(rerunfilecheck)             Checksum: 9A150671B69E6F75D5EDA0132DF3160D;10513.
 ) 
Here is how much of TeX's memory you used:
 22066 strings out of 467871
 380760 string characters out of 5418376
 888465 words of memory out of 5000000
 49931 multiletter control sequences out of 15000+600000
 696611 words of font info for 308 fonts, out of 8000000 for 9000
 1141 hyphenation exceptions out of 8191
 75i,15n,117p,1944b,763s stack positions out of 10000i,1000n,20000p,200000b,200000s
<C:/Users/louay/AppData/Local/Programs/MiKTeX/fonts/type1/public/amsfonts/cm/
cmsy10.pfb><C:/Users/louay/AppData/Local/Programs/MiKTeX/fonts/type1/urw/courie
r/ucrr8a.pfb><C:/Users/louay/AppData/Local/Programs/MiKTeX/fonts/type1/urw/helv
etic/uhvr8a.pfb><C:/Users/louay/AppData/Local/Programs/MiKTeX/fonts/type1/urw/t
imes/utmb8a.pfb><C:/Users/louay/AppData/Local/Programs/MiKTeX/fonts/type1/urw/t
imes/utmr8a.pfb><C:/Users/louay/AppData/Local/Programs/MiKTeX/fonts/type1/urw/t
imes/utmri8a.pfb>
Output written on main.pdf (116 pages, 8496422 bytes).
PDF statistics:
 1316 PDF objects out of 1440 (max. 8388607)
 323 named destinations out of 1000 (max. 500000)
 68391 words of extra memory for PDF output out of 74296 (max. 10000000)

